25-Jul-2022 10:08:08.839 INFO [main] org.apache.catalina.startup.VersionLoggerListener.log Nom version serveur :              Apache Tomcat/9.0.64
25-Jul-2022 10:08:08.853 INFO [main] org.apache.catalina.startup.VersionLoggerListener.log Serveur compilé :                  Jun 2 2022 19:08:46 UTC
25-Jul-2022 10:08:08.853 INFO [main] org.apache.catalina.startup.VersionLoggerListener.log Version du serveur :               9.0.64.0
25-Jul-2022 10:08:08.853 INFO [main] org.apache.catalina.startup.VersionLoggerListener.log Nom de l'OS :                      Windows 10
25-Jul-2022 10:08:08.853 INFO [main] org.apache.catalina.startup.VersionLoggerListener.log Version OS :                       10.0
25-Jul-2022 10:08:08.854 INFO [main] org.apache.catalina.startup.VersionLoggerListener.log Architecture :                     amd64
25-Jul-2022 10:08:08.855 INFO [main] org.apache.catalina.startup.VersionLoggerListener.log Java Home :                        C:\Program Files\Java\jdk-18.0.2
25-Jul-2022 10:08:08.855 INFO [main] org.apache.catalina.startup.VersionLoggerListener.log Version JVM :                      18.0.2+9-61
25-Jul-2022 10:08:08.855 INFO [main] org.apache.catalina.startup.VersionLoggerListener.log Fournisseur de la JVM :            Oracle Corporation
25-Jul-2022 10:08:08.856 INFO [main] org.apache.catalina.startup.VersionLoggerListener.log CATALINA_BASE :                    C:\Users\RAISA\OneDrive\Documents\POEC JAVA\JAVA\JAVA EE\apache-tomcat-9.0.64-windows-x64\apache-tomcat-9.0.64
25-Jul-2022 10:08:08.856 INFO [main] org.apache.catalina.startup.VersionLoggerListener.log CATALINA_HOME :                    C:\Users\RAISA\OneDrive\Documents\POEC JAVA\JAVA\JAVA EE\apache-tomcat-9.0.64-windows-x64\apache-tomcat-9.0.64
25-Jul-2022 10:08:08.884 INFO [main] org.apache.catalina.startup.VersionLoggerListener.log Argument de la ligne de commande : --add-opens=java.base/java.lang=ALL-UNNAMED
25-Jul-2022 10:08:08.884 INFO [main] org.apache.catalina.startup.VersionLoggerListener.log Argument de la ligne de commande : --add-opens=java.base/java.io=ALL-UNNAMED
25-Jul-2022 10:08:08.884 INFO [main] org.apache.catalina.startup.VersionLoggerListener.log Argument de la ligne de commande : --add-opens=java.base/java.util=ALL-UNNAMED
25-Jul-2022 10:08:08.884 INFO [main] org.apache.catalina.startup.VersionLoggerListener.log Argument de la ligne de commande : --add-opens=java.base/java.util.concurrent=ALL-UNNAMED
25-Jul-2022 10:08:08.884 INFO [main] org.apache.catalina.startup.VersionLoggerListener.log Argument de la ligne de commande : --add-opens=java.rmi/sun.rmi.transport=ALL-UNNAMED
25-Jul-2022 10:08:08.884 INFO [main] org.apache.catalina.startup.VersionLoggerListener.log Argument de la ligne de commande : -Djava.util.logging.config.file=C:\Users\RAISA\OneDrive\Documents\POEC JAVA\JAVA\JAVA EE\apache-tomcat-9.0.64-windows-x64\apache-tomcat-9.0.64\conf\logging.properties
25-Jul-2022 10:08:08.885 INFO [main] org.apache.catalina.startup.VersionLoggerListener.log Argument de la ligne de commande : -Djava.util.logging.manager=org.apache.juli.ClassLoaderLogManager
25-Jul-2022 10:08:08.885 INFO [main] org.apache.catalina.startup.VersionLoggerListener.log Argument de la ligne de commande : -Dhttp.nonProxyHosts=localhost|127.0.0.1|DESKTOP-0S40T5M
25-Jul-2022 10:08:08.885 INFO [main] org.apache.catalina.startup.VersionLoggerListener.log Argument de la ligne de commande : -Djdk.tls.ephemeralDHKeySize=2048
25-Jul-2022 10:08:08.885 INFO [main] org.apache.catalina.startup.VersionLoggerListener.log Argument de la ligne de commande : -Djava.protocol.handler.pkgs=org.apache.catalina.webresources
25-Jul-2022 10:08:08.885 INFO [main] org.apache.catalina.startup.VersionLoggerListener.log Argument de la ligne de commande : -Dignore.endorsed.dirs=
25-Jul-2022 10:08:08.886 INFO [main] org.apache.catalina.startup.VersionLoggerListener.log Argument de la ligne de commande : -Dcatalina.base=C:\Users\RAISA\OneDrive\Documents\POEC JAVA\JAVA\JAVA EE\apache-tomcat-9.0.64-windows-x64\apache-tomcat-9.0.64
25-Jul-2022 10:08:08.886 INFO [main] org.apache.catalina.startup.VersionLoggerListener.log Argument de la ligne de commande : -Dcatalina.home=C:\Users\RAISA\OneDrive\Documents\POEC JAVA\JAVA\JAVA EE\apache-tomcat-9.0.64-windows-x64\apache-tomcat-9.0.64
25-Jul-2022 10:08:08.941 INFO [main] org.apache.catalina.startup.VersionLoggerListener.log Argument de la ligne de commande : -Djava.io.tmpdir=C:\Users\RAISA\OneDrive\Documents\POEC JAVA\JAVA\JAVA EE\apache-tomcat-9.0.64-windows-x64\apache-tomcat-9.0.64\temp
25-Jul-2022 10:08:08.954 INFO [main] org.apache.catalina.core.AprLifecycleListener.lifecycleEvent Chargement de la librairie Apache Tomcat Native [1.2.33] en utilisant APR version [1.7.0]
25-Jul-2022 10:08:08.954 INFO [main] org.apache.catalina.core.AprLifecycleListener.lifecycleEvent Fonctionnalités d'APR : IPv6 [true], sendfile [true], accept filters [false], random [true], UDS [true]
25-Jul-2022 10:08:08.955 INFO [main] org.apache.catalina.core.AprLifecycleListener.lifecycleEvent Configuration de APR/OpenSSL : useAprConnector [false], useOpenSSL [true]
25-Jul-2022 10:08:08.978 INFO [main] org.apache.catalina.core.AprLifecycleListener.initializeSSL OpenSSL a été initialisé avec succès [OpenSSL 1.1.1o  3 May 2022]
25-Jul-2022 10:08:09.670 INFO [main] org.apache.coyote.AbstractProtocol.init Initialisation du gestionnaire de protocole ["http-nio-8080"]
25-Jul-2022 10:08:09.750 INFO [main] org.apache.catalina.startup.Catalina.load L'initialisation du serveur a pris [1570] millisecondes
25-Jul-2022 10:08:09.877 INFO [main] org.apache.catalina.core.StandardService.startInternal Démarrage du service [Catalina]
25-Jul-2022 10:08:09.878 INFO [main] org.apache.catalina.core.StandardEngine.startInternal Démarrage du moteur de Servlets : [Apache Tomcat/9.0.64]
25-Jul-2022 10:08:09.908 INFO [main] org.apache.catalina.startup.HostConfig.deployDescriptor Déploiement du descripteur de configuration [C:\Users\RAISA\OneDrive\Documents\POEC JAVA\JAVA\JAVA EE\apache-tomcat-9.0.64-windows-x64\apache-tomcat-9.0.64\conf\Catalina\localhost\java-web-app.xml]
25-Jul-2022 10:08:09.941 WARNING [main] org.apache.catalina.startup.HostConfig.deployDescriptor L'attribut path avec la valeur [/java-web-app] dans le descripteur de déploiement [C:\Users\RAISA\OneDrive\Documents\POEC JAVA\JAVA\JAVA EE\apache-tomcat-9.0.64-windows-x64\apache-tomcat-9.0.64\conf\Catalina\localhost\java-web-app.xml] a été ignoré
25-Jul-2022 10:08:11.124 INFO [main] org.apache.catalina.startup.HostConfig.deployDescriptor Le traitement du descripteur de déploiement [C:\Users\RAISA\OneDrive\Documents\POEC JAVA\JAVA\JAVA EE\apache-tomcat-9.0.64-windows-x64\apache-tomcat-9.0.64\conf\Catalina\localhost\java-web-app.xml] a pris [1 211] ms
25-Jul-2022 10:08:11.125 INFO [main] org.apache.catalina.startup.HostConfig.deployDirectory Déploiement du répertoire d'application web [C:\Users\RAISA\OneDrive\Documents\POEC JAVA\JAVA\JAVA EE\apache-tomcat-9.0.64-windows-x64\apache-tomcat-9.0.64\webapps\docs]
25-Jul-2022 10:08:11.268 INFO [main] org.apache.catalina.startup.HostConfig.deployDirectory Le déploiement du répertoire [C:\Users\RAISA\OneDrive\Documents\POEC JAVA\JAVA\JAVA EE\apache-tomcat-9.0.64-windows-x64\apache-tomcat-9.0.64\webapps\docs] de l'application web s'est terminé en [143] ms
25-Jul-2022 10:08:11.268 INFO [main] org.apache.catalina.startup.HostConfig.deployDirectory Déploiement du répertoire d'application web [C:\Users\RAISA\OneDrive\Documents\POEC JAVA\JAVA\JAVA EE\apache-tomcat-9.0.64-windows-x64\apache-tomcat-9.0.64\webapps\examples]
25-Jul-2022 10:08:12.385 INFO [main] org.apache.catalina.startup.HostConfig.deployDirectory Le déploiement du répertoire [C:\Users\RAISA\OneDrive\Documents\POEC JAVA\JAVA\JAVA EE\apache-tomcat-9.0.64-windows-x64\apache-tomcat-9.0.64\webapps\examples] de l'application web s'est terminé en [1 117] ms
25-Jul-2022 10:08:12.386 INFO [main] org.apache.catalina.startup.HostConfig.deployDirectory Déploiement du répertoire d'application web [C:\Users\RAISA\OneDrive\Documents\POEC JAVA\JAVA\JAVA EE\apache-tomcat-9.0.64-windows-x64\apache-tomcat-9.0.64\webapps\host-manager]
25-Jul-2022 10:08:12.616 INFO [main] org.apache.catalina.startup.HostConfig.deployDirectory Le déploiement du répertoire [C:\Users\RAISA\OneDrive\Documents\POEC JAVA\JAVA\JAVA EE\apache-tomcat-9.0.64-windows-x64\apache-tomcat-9.0.64\webapps\host-manager] de l'application web s'est terminé en [231] ms
25-Jul-2022 10:08:12.616 INFO [main] org.apache.catalina.startup.HostConfig.deployDirectory Déploiement du répertoire d'application web [C:\Users\RAISA\OneDrive\Documents\POEC JAVA\JAVA\JAVA EE\apache-tomcat-9.0.64-windows-x64\apache-tomcat-9.0.64\webapps\manager]
25-Jul-2022 10:08:12.762 INFO [main] org.apache.catalina.startup.HostConfig.deployDirectory Le déploiement du répertoire [C:\Users\RAISA\OneDrive\Documents\POEC JAVA\JAVA\JAVA EE\apache-tomcat-9.0.64-windows-x64\apache-tomcat-9.0.64\webapps\manager] de l'application web s'est terminé en [145] ms
25-Jul-2022 10:08:12.763 INFO [main] org.apache.catalina.startup.HostConfig.deployDirectory Déploiement du répertoire d'application web [C:\Users\RAISA\OneDrive\Documents\POEC JAVA\JAVA\JAVA EE\apache-tomcat-9.0.64-windows-x64\apache-tomcat-9.0.64\webapps\ROOT]
25-Jul-2022 10:08:12.869 INFO [main] org.apache.catalina.startup.HostConfig.deployDirectory Le déploiement du répertoire [C:\Users\RAISA\OneDrive\Documents\POEC JAVA\JAVA\JAVA EE\apache-tomcat-9.0.64-windows-x64\apache-tomcat-9.0.64\webapps\ROOT] de l'application web s'est terminé en [106] ms
25-Jul-2022 10:08:12.878 INFO [main] org.apache.coyote.AbstractProtocol.start Démarrage du gestionnaire de protocole ["http-nio-8080"]
25-Jul-2022 10:08:12.954 INFO [main] org.apache.catalina.startup.Catalina.start Le démarrage du serveur a pris [3198] millisecondes
25-Jul-2022 10:08:29.676 INFO [http-nio-8080-exec-9] org.apache.catalina.startup.HostConfig.undeploy Retrait de l'application web ayant pour chemin de contexte [/java-web-app]
25-Jul-2022 10:08:29.764 INFO [http-nio-8080-exec-8] org.apache.catalina.startup.HostConfig.deployDescriptor Déploiement du descripteur de configuration [C:\Users\RAISA\OneDrive\Documents\POEC JAVA\JAVA\JAVA EE\apache-tomcat-9.0.64-windows-x64\apache-tomcat-9.0.64\conf\Catalina\localhost\java-web-app.xml]
25-Jul-2022 10:08:29.767 WARNING [http-nio-8080-exec-8] org.apache.catalina.startup.HostConfig.deployDescriptor L'attribut path avec la valeur [/java-web-app] dans le descripteur de déploiement [C:\Users\RAISA\OneDrive\Documents\POEC JAVA\JAVA\JAVA EE\apache-tomcat-9.0.64-windows-x64\apache-tomcat-9.0.64\conf\Catalina\localhost\java-web-app.xml] a été ignoré
25-Jul-2022 10:08:30.070 INFO [http-nio-8080-exec-8] org.apache.catalina.startup.HostConfig.deployDescriptor Le traitement du descripteur de déploiement [C:\Users\RAISA\OneDrive\Documents\POEC JAVA\JAVA\JAVA EE\apache-tomcat-9.0.64-windows-x64\apache-tomcat-9.0.64\conf\Catalina\localhost\java-web-app.xml] a pris [307] ms
25-Jul-2022 10:08:30.075 INFO [http-nio-8080-exec-4] org.apache.catalina.util.LifecycleBase.start La méthode start() a été appelée sur le composant [StandardEngine[Catalina].StandardHost[localhost].StandardContext[/java-web-app]] après que start() ait déjà été appelé, le deuxième appel sera ignoré
