22-Jul-2022 11:07:43.134 INFO [http-nio-8080-exec-4] org.apache.catalina.core.ApplicationContext.log Manager: init: Associated with Deployer 'Catalina:type=Deployer,host=localhost'
22-Jul-2022 11:07:43.137 INFO [http-nio-8080-exec-4] org.apache.catalina.core.ApplicationContext.log Manager: init: Global resources are available
22-Jul-2022 11:07:43.263 INFO [http-nio-8080-exec-4] org.apache.catalina.core.ApplicationContext.log Manager: list: Listing contexts for virtual host 'localhost'
22-Jul-2022 11:07:43.274 INFO [http-nio-8080-exec-7] org.apache.catalina.core.ApplicationContext.log Manager: list: Listing contexts for virtual host 'localhost'
22-Jul-2022 11:07:43.303 INFO [http-nio-8080-exec-9] org.apache.catalina.core.ApplicationContext.log Manager: install: Installing context configuration at 'file:/C:/Users/RAISA/AppData/Local/Temp/context10403363758878639798.xml'
22-Jul-2022 11:07:43.489 INFO [http-nio-8080-exec-8] org.apache.catalina.core.ApplicationContext.log Manager: start: Starting web application '/java-web-app'
22-Jul-2022 11:12:53.538 INFO [http-nio-8080-exec-7] org.apache.catalina.core.ApplicationContext.log Manager: list: Listing contexts for virtual host 'localhost'
22-Jul-2022 11:12:54.018 INFO [http-nio-8080-exec-9] org.apache.catalina.core.ApplicationContext.log Manager: restart: Reloading web application '/java-web-app'
22-Jul-2022 11:12:59.745 INFO [http-nio-8080-exec-10] org.apache.catalina.core.ApplicationContext.log Manager: list: Listing contexts for virtual host 'localhost'
22-Jul-2022 11:12:59.785 INFO [http-nio-8080-exec-2] org.apache.catalina.core.ApplicationContext.log Manager: restart: Reloading web application '/java-web-app'
22-Jul-2022 11:16:32.119 INFO [http-nio-8080-exec-14] org.apache.catalina.core.ApplicationContext.log Manager: list: Listing contexts for virtual host 'localhost'
22-Jul-2022 11:16:32.151 INFO [http-nio-8080-exec-16] org.apache.catalina.core.ApplicationContext.log Manager: restart: Reloading web application '/java-web-app'
22-Jul-2022 11:16:35.542 INFO [http-nio-8080-exec-11] org.apache.catalina.core.ApplicationContext.log Manager: list: Listing contexts for virtual host 'localhost'
22-Jul-2022 11:16:35.555 INFO [http-nio-8080-exec-8] org.apache.catalina.core.ApplicationContext.log Manager: undeploy: Undeploying web application at '/java-web-app'
22-Jul-2022 11:16:46.831 INFO [http-nio-8080-exec-8] org.apache.catalina.core.ApplicationContext.log Manager: list: Listing contexts for virtual host 'localhost'
22-Jul-2022 11:16:46.837 INFO [http-nio-8080-exec-1] org.apache.catalina.core.ApplicationContext.log Manager: list: Listing contexts for virtual host 'localhost'
22-Jul-2022 11:16:46.857 INFO [http-nio-8080-exec-13] org.apache.catalina.core.ApplicationContext.log Manager: install: Installing context configuration at 'file:/C:/Users/RAISA/AppData/Local/Temp/context2319215772851559529.xml'
22-Jul-2022 11:16:47.423 INFO [http-nio-8080-exec-13] org.apache.catalina.core.ApplicationContext.log Manager: start: Starting web application '/java-web-app'
22-Jul-2022 11:24:51.193 INFO [http-nio-8080-exec-27] org.apache.catalina.core.ApplicationContext.log Manager: list: Listing contexts for virtual host 'localhost'
22-Jul-2022 11:24:51.236 INFO [http-nio-8080-exec-21] org.apache.catalina.core.ApplicationContext.log Manager: list: Listing contexts for virtual host 'localhost'
22-Jul-2022 11:24:51.248 INFO [http-nio-8080-exec-22] org.apache.catalina.core.ApplicationContext.log Manager: undeploy: Undeploying web application at '/java-web-app'
22-Jul-2022 11:24:51.748 INFO [http-nio-8080-exec-20] org.apache.catalina.core.ApplicationContext.log Manager: list: Listing contexts for virtual host 'localhost'
22-Jul-2022 11:24:51.824 INFO [http-nio-8080-exec-24] org.apache.catalina.core.ApplicationContext.log Manager: restart: Reloading web application '/java-web-app'
22-Jul-2022 11:24:51.844 INFO [http-nio-8080-exec-28] org.apache.catalina.core.ApplicationContext.log Manager: install: Installing context configuration at 'file:/C:/Users/RAISA/AppData/Local/Temp/context12248151506627506357.xml'
22-Jul-2022 11:24:52.798 INFO [http-nio-8080-exec-25] org.apache.catalina.core.ApplicationContext.log Manager: start: Starting web application '/java-web-app'
22-Jul-2022 11:51:29.872 INFO [http-nio-8080-exec-35] org.apache.catalina.core.ApplicationContext.log Manager: list: Listing contexts for virtual host 'localhost'
22-Jul-2022 11:51:29.879 INFO [http-nio-8080-exec-32] org.apache.catalina.core.ApplicationContext.log Manager: list: Listing contexts for virtual host 'localhost'
22-Jul-2022 11:51:29.889 INFO [http-nio-8080-exec-33] org.apache.catalina.core.ApplicationContext.log Manager: undeploy: Undeploying web application at '/java-web-app'
22-Jul-2022 11:51:30.580 INFO [http-nio-8080-exec-36] org.apache.catalina.core.ApplicationContext.log Manager: list: Listing contexts for virtual host 'localhost'
22-Jul-2022 11:51:30.589 INFO [http-nio-8080-exec-28] org.apache.catalina.core.ApplicationContext.log Manager: list: Listing contexts for virtual host 'localhost'
22-Jul-2022 11:52:40.021 INFO [http-nio-8080-exec-28] org.apache.catalina.core.ApplicationContext.log Manager: list: Listing contexts for virtual host 'localhost'
22-Jul-2022 11:52:40.041 INFO [http-nio-8080-exec-31] org.apache.catalina.core.ApplicationContext.log Manager: list: Listing contexts for virtual host 'localhost'
22-Jul-2022 11:52:41.481 INFO [http-nio-8080-exec-36] org.apache.catalina.core.ApplicationContext.log Manager: list: Listing contexts for virtual host 'localhost'
22-Jul-2022 11:52:41.494 INFO [http-nio-8080-exec-31] org.apache.catalina.core.ApplicationContext.log Manager: list: Listing contexts for virtual host 'localhost'
22-Jul-2022 11:53:31.529 INFO [http-nio-8080-exec-32] org.apache.catalina.core.ApplicationContext.log Manager: list: Listing contexts for virtual host 'localhost'
22-Jul-2022 11:53:31.540 INFO [http-nio-8080-exec-41] org.apache.catalina.core.ApplicationContext.log Manager: list: Listing contexts for virtual host 'localhost'
22-Jul-2022 11:53:58.614 INFO [http-nio-8080-exec-34] org.apache.catalina.core.ApplicationContext.log Manager: list: Listing contexts for virtual host 'localhost'
22-Jul-2022 11:53:58.627 INFO [http-nio-8080-exec-31] org.apache.catalina.core.ApplicationContext.log Manager: list: Listing contexts for virtual host 'localhost'
22-Jul-2022 11:54:00.699 INFO [http-nio-8080-exec-31] org.apache.catalina.core.ApplicationContext.log Manager: list: Listing contexts for virtual host 'localhost'
22-Jul-2022 11:54:00.713 INFO [http-nio-8080-exec-36] org.apache.catalina.core.ApplicationContext.log Manager: list: Listing contexts for virtual host 'localhost'
22-Jul-2022 11:58:41.539 INFO [http-nio-8080-exec-44] org.apache.catalina.core.ApplicationContext.log Manager: list: Listing contexts for virtual host 'localhost'
22-Jul-2022 11:58:41.553 INFO [http-nio-8080-exec-39] org.apache.catalina.core.ApplicationContext.log Manager: list: Listing contexts for virtual host 'localhost'
22-Jul-2022 11:58:42.212 INFO [http-nio-8080-exec-38] org.apache.catalina.core.ApplicationContext.log Manager: list: Listing contexts for virtual host 'localhost'
22-Jul-2022 11:58:42.235 INFO [http-nio-8080-exec-42] org.apache.catalina.core.ApplicationContext.log Manager: list: Listing contexts for virtual host 'localhost'
22-Jul-2022 12:05:29.341 INFO [http-nio-8080-exec-42] org.apache.catalina.core.ApplicationContext.log Manager: list: Listing contexts for virtual host 'localhost'
22-Jul-2022 12:05:29.357 INFO [http-nio-8080-exec-44] org.apache.catalina.core.ApplicationContext.log Manager: list: Listing contexts for virtual host 'localhost'
22-Jul-2022 12:05:29.723 INFO [http-nio-8080-exec-40] org.apache.catalina.core.ApplicationContext.log Manager: list: Listing contexts for virtual host 'localhost'
22-Jul-2022 12:05:29.730 INFO [http-nio-8080-exec-43] org.apache.catalina.core.ApplicationContext.log Manager: list: Listing contexts for virtual host 'localhost'
22-Jul-2022 12:05:39.075 INFO [http-nio-8080-exec-44] org.apache.catalina.core.ApplicationContext.log Manager: list: Listing contexts for virtual host 'localhost'
22-Jul-2022 12:05:39.080 INFO [http-nio-8080-exec-45] org.apache.catalina.core.ApplicationContext.log Manager: list: Listing contexts for virtual host 'localhost'
22-Jul-2022 12:05:39.091 INFO [http-nio-8080-exec-40] org.apache.catalina.core.ApplicationContext.log Manager: install: Installing context configuration at 'file:/C:/Users/RAISA/AppData/Local/Temp/context9018555064730590448.xml'
22-Jul-2022 12:09:27.240 INFO [http-nio-8080-exec-47] org.apache.catalina.core.ApplicationContext.log Manager: list: Listing contexts for virtual host 'localhost'
22-Jul-2022 12:09:27.246 INFO [http-nio-8080-exec-41] org.apache.catalina.core.ApplicationContext.log Manager: list: Listing contexts for virtual host 'localhost'
22-Jul-2022 12:09:27.254 INFO [http-nio-8080-exec-44] org.apache.catalina.core.ApplicationContext.log Manager: undeploy: Undeploying web application at '/java-web-app'
22-Jul-2022 12:09:27.813 INFO [http-nio-8080-exec-42] org.apache.catalina.core.ApplicationContext.log Manager: undeploy: Undeploying web application at '/java-web-app'
22-Jul-2022 12:09:27.824 INFO [http-nio-8080-exec-38] org.apache.catalina.core.ApplicationContext.log Manager: install: Installing context configuration at 'file:/C:/Users/RAISA/AppData/Local/Temp/context15100104286925516885.xml'
22-Jul-2022 12:09:46.095 INFO [http-nio-8080-exec-46] org.apache.catalina.core.ApplicationContext.log Manager: list: Listing contexts for virtual host 'localhost'
22-Jul-2022 12:09:46.099 INFO [http-nio-8080-exec-41] org.apache.catalina.core.ApplicationContext.log Manager: list: Listing contexts for virtual host 'localhost'
22-Jul-2022 12:09:46.107 INFO [http-nio-8080-exec-48] org.apache.catalina.core.ApplicationContext.log Manager: undeploy: Undeploying web application at '/java-web-app'
22-Jul-2022 12:09:46.632 INFO [http-nio-8080-exec-42] org.apache.catalina.core.ApplicationContext.log Manager: undeploy: Undeploying web application at '/java-web-app'
22-Jul-2022 12:09:46.639 INFO [http-nio-8080-exec-43] org.apache.catalina.core.ApplicationContext.log Manager: install: Installing context configuration at 'file:/C:/Users/RAISA/AppData/Local/Temp/context8561480410666942802.xml'
22-Jul-2022 12:09:47.724 INFO [http-nio-8080-exec-40] org.apache.catalina.core.ApplicationContext.log Manager: list: Listing contexts for virtual host 'localhost'
22-Jul-2022 12:09:47.730 INFO [http-nio-8080-exec-38] org.apache.catalina.core.ApplicationContext.log Manager: list: Listing contexts for virtual host 'localhost'
22-Jul-2022 12:09:47.739 INFO [http-nio-8080-exec-41] org.apache.catalina.core.ApplicationContext.log Manager: undeploy: Undeploying web application at '/java-web-app'
22-Jul-2022 12:09:48.274 INFO [http-nio-8080-exec-50] org.apache.catalina.core.ApplicationContext.log Manager: undeploy: Undeploying web application at '/java-web-app'
22-Jul-2022 12:09:48.283 INFO [http-nio-8080-exec-42] org.apache.catalina.core.ApplicationContext.log Manager: install: Installing context configuration at 'file:/C:/Users/RAISA/AppData/Local/Temp/context6305696253508210456.xml'
22-Jul-2022 12:09:53.545 INFO [http-nio-8080-exec-45] org.apache.catalina.core.ApplicationContext.log Manager: list: Listing contexts for virtual host 'localhost'
22-Jul-2022 12:09:53.551 INFO [http-nio-8080-exec-43] org.apache.catalina.core.ApplicationContext.log Manager: list: Listing contexts for virtual host 'localhost'
22-Jul-2022 12:09:53.560 INFO [http-nio-8080-exec-47] org.apache.catalina.core.ApplicationContext.log Manager: undeploy: Undeploying web application at '/java-web-app'
22-Jul-2022 12:09:54.094 INFO [http-nio-8080-exec-50] org.apache.catalina.core.ApplicationContext.log Manager: undeploy: Undeploying web application at '/java-web-app'
22-Jul-2022 12:09:54.105 INFO [http-nio-8080-exec-42] org.apache.catalina.core.ApplicationContext.log Manager: install: Installing context configuration at 'file:/C:/Users/RAISA/AppData/Local/Temp/context17713692354341822695.xml'
22-Jul-2022 12:10:31.369 INFO [http-nio-8080-exec-43] org.apache.catalina.core.ApplicationContext.log Manager: list: Listing contexts for virtual host 'localhost'
22-Jul-2022 12:10:31.374 INFO [http-nio-8080-exec-41] org.apache.catalina.core.ApplicationContext.log Manager: list: Listing contexts for virtual host 'localhost'
22-Jul-2022 12:10:31.380 INFO [http-nio-8080-exec-47] org.apache.catalina.core.ApplicationContext.log Manager: undeploy: Undeploying web application at '/java-web-app'
22-Jul-2022 12:10:31.931 INFO [http-nio-8080-exec-48] org.apache.catalina.core.ApplicationContext.log Manager: undeploy: Undeploying web application at '/java-web-app'
22-Jul-2022 12:10:31.946 INFO [http-nio-8080-exec-43] org.apache.catalina.core.ApplicationContext.log Manager: install: Installing context configuration at 'file:/C:/Users/RAISA/AppData/Local/Temp/context15212190690823563645.xml'
22-Jul-2022 12:10:37.617 INFO [http-nio-8080-exec-40] org.apache.catalina.core.ApplicationContext.log Manager: list: Listing contexts for virtual host 'localhost'
22-Jul-2022 12:10:37.623 INFO [http-nio-8080-exec-47] org.apache.catalina.core.ApplicationContext.log Manager: list: Listing contexts for virtual host 'localhost'
22-Jul-2022 12:10:37.633 INFO [http-nio-8080-exec-48] org.apache.catalina.core.ApplicationContext.log Manager: undeploy: Undeploying web application at '/java-web-app'
22-Jul-2022 12:10:38.169 INFO [http-nio-8080-exec-53] org.apache.catalina.core.ApplicationContext.log Manager: undeploy: Undeploying web application at '/java-web-app'
22-Jul-2022 12:10:38.177 INFO [http-nio-8080-exec-54] org.apache.catalina.core.ApplicationContext.log Manager: install: Installing context configuration at 'file:/C:/Users/RAISA/AppData/Local/Temp/context14394084021891352065.xml'
22-Jul-2022 12:20:21.662 INFO [http-nio-8080-exec-57] org.apache.catalina.core.ApplicationContext.log Manager: list: Listing contexts for virtual host 'localhost'
22-Jul-2022 12:20:21.667 INFO [http-nio-8080-exec-61] org.apache.catalina.core.ApplicationContext.log Manager: list: Listing contexts for virtual host 'localhost'
22-Jul-2022 12:20:21.684 INFO [http-nio-8080-exec-60] org.apache.catalina.core.ApplicationContext.log Manager: undeploy: Undeploying web application at '/java-web-app'
22-Jul-2022 12:20:22.752 INFO [http-nio-8080-exec-56] org.apache.catalina.core.ApplicationContext.log Manager: undeploy: Undeploying web application at '/java-web-app'
22-Jul-2022 12:20:22.761 INFO [http-nio-8080-exec-59] org.apache.catalina.core.ApplicationContext.log Manager: install: Installing context configuration at 'file:/C:/Users/RAISA/AppData/Local/Temp/context17572142814455006329.xml'
22-Jul-2022 12:20:23.207 INFO [http-nio-8080-exec-58] org.apache.catalina.core.ApplicationContext.log Manager: list: Listing contexts for virtual host 'localhost'
22-Jul-2022 12:20:23.211 INFO [http-nio-8080-exec-57] org.apache.catalina.core.ApplicationContext.log Manager: list: Listing contexts for virtual host 'localhost'
22-Jul-2022 12:20:23.218 INFO [http-nio-8080-exec-61] org.apache.catalina.core.ApplicationContext.log Manager: undeploy: Undeploying web application at '/java-web-app'
22-Jul-2022 12:20:23.756 INFO [http-nio-8080-exec-56] org.apache.catalina.core.ApplicationContext.log Manager: undeploy: Undeploying web application at '/java-web-app'
22-Jul-2022 12:20:23.764 INFO [http-nio-8080-exec-59] org.apache.catalina.core.ApplicationContext.log Manager: install: Installing context configuration at 'file:/C:/Users/RAISA/AppData/Local/Temp/context12865066021572447331.xml'
22-Jul-2022 12:20:53.430 INFO [http-nio-8080-exec-64] org.apache.catalina.core.ApplicationContext.log Manager: list: Listing contexts for virtual host 'localhost'
22-Jul-2022 12:20:53.433 INFO [http-nio-8080-exec-57] org.apache.catalina.core.ApplicationContext.log Manager: list: Listing contexts for virtual host 'localhost'
22-Jul-2022 12:20:53.450 INFO [http-nio-8080-exec-59] org.apache.catalina.core.ApplicationContext.log Manager: undeploy: Undeploying web application at '/java-web-app'
22-Jul-2022 12:20:53.984 INFO [http-nio-8080-exec-56] org.apache.catalina.core.ApplicationContext.log Manager: undeploy: Undeploying web application at '/java-web-app'
22-Jul-2022 12:20:53.997 INFO [http-nio-8080-exec-64] org.apache.catalina.core.ApplicationContext.log Manager: install: Installing context configuration at 'file:/C:/Users/RAISA/AppData/Local/Temp/context11945501747577967879.xml'
22-Jul-2022 12:20:57.060 INFO [http-nio-8080-exec-69] org.apache.catalina.core.ApplicationContext.log Manager: list: Listing contexts for virtual host 'localhost'
22-Jul-2022 12:20:57.067 INFO [http-nio-8080-exec-62] org.apache.catalina.core.ApplicationContext.log Manager: list: Listing contexts for virtual host 'localhost'
22-Jul-2022 12:20:57.104 INFO [http-nio-8080-exec-55] org.apache.catalina.core.ApplicationContext.log Manager: undeploy: Undeploying web application at '/java-web-app'
22-Jul-2022 12:20:57.648 INFO [http-nio-8080-exec-56] org.apache.catalina.core.ApplicationContext.log Manager: undeploy: Undeploying web application at '/java-web-app'
22-Jul-2022 12:20:57.663 INFO [http-nio-8080-exec-62] org.apache.catalina.core.ApplicationContext.log Manager: install: Installing context configuration at 'file:/C:/Users/RAISA/AppData/Local/Temp/context15710469397851425623.xml'
22-Jul-2022 12:21:05.651 INFO [http-nio-8080-exec-69] org.apache.catalina.core.ApplicationContext.log Manager: list: Listing contexts for virtual host 'localhost'
22-Jul-2022 12:21:05.654 INFO [http-nio-8080-exec-67] org.apache.catalina.core.ApplicationContext.log Manager: list: Listing contexts for virtual host 'localhost'
22-Jul-2022 12:21:05.665 INFO [http-nio-8080-exec-68] org.apache.catalina.core.ApplicationContext.log Manager: undeploy: Undeploying web application at '/java-web-app'
22-Jul-2022 12:21:06.204 INFO [http-nio-8080-exec-56] org.apache.catalina.core.ApplicationContext.log Manager: undeploy: Undeploying web application at '/java-web-app'
22-Jul-2022 12:21:06.225 INFO [http-nio-8080-exec-59] org.apache.catalina.core.ApplicationContext.log Manager: install: Installing context configuration at 'file:/C:/Users/RAISA/AppData/Local/Temp/context12785167749925265158.xml'
22-Jul-2022 12:23:47.111 INFO [http-nio-8080-exec-57] org.apache.catalina.core.ApplicationContext.log Manager: list: Listing contexts for virtual host 'localhost'
22-Jul-2022 12:23:47.119 INFO [http-nio-8080-exec-73] org.apache.catalina.core.ApplicationContext.log Manager: list: Listing contexts for virtual host 'localhost'
22-Jul-2022 12:23:47.129 INFO [http-nio-8080-exec-56] org.apache.catalina.core.ApplicationContext.log Manager: undeploy: Undeploying web application at '/java-web-app'
22-Jul-2022 12:23:47.669 INFO [http-nio-8080-exec-72] org.apache.catalina.core.ApplicationContext.log Manager: undeploy: Undeploying web application at '/java-web-app'
22-Jul-2022 12:23:47.676 INFO [http-nio-8080-exec-71] org.apache.catalina.core.ApplicationContext.log Manager: install: Installing context configuration at 'file:/C:/Users/RAISA/AppData/Local/Temp/context3344567289567021716.xml'
22-Jul-2022 12:23:48.455 INFO [http-nio-8080-exec-55] org.apache.catalina.core.ApplicationContext.log Manager: list: Listing contexts for virtual host 'localhost'
22-Jul-2022 12:23:48.459 INFO [http-nio-8080-exec-72] org.apache.catalina.core.ApplicationContext.log Manager: list: Listing contexts for virtual host 'localhost'
22-Jul-2022 12:23:48.479 INFO [http-nio-8080-exec-71] org.apache.catalina.core.ApplicationContext.log Manager: undeploy: Undeploying web application at '/java-web-app'
22-Jul-2022 12:23:49.017 INFO [http-nio-8080-exec-56] org.apache.catalina.core.ApplicationContext.log Manager: undeploy: Undeploying web application at '/java-web-app'
22-Jul-2022 12:23:49.031 INFO [http-nio-8080-exec-72] org.apache.catalina.core.ApplicationContext.log Manager: install: Installing context configuration at 'file:/C:/Users/RAISA/AppData/Local/Temp/context15684244990574414554.xml'
22-Jul-2022 12:23:57.163 INFO [http-nio-8080-exec-70] org.apache.catalina.core.ApplicationContext.log Manager: list: Listing contexts for virtual host 'localhost'
22-Jul-2022 12:23:57.169 INFO [http-nio-8080-exec-74] org.apache.catalina.core.ApplicationContext.log Manager: list: Listing contexts for virtual host 'localhost'
22-Jul-2022 12:23:57.176 INFO [http-nio-8080-exec-71] org.apache.catalina.core.ApplicationContext.log Manager: undeploy: Undeploying web application at '/java-web-app'
22-Jul-2022 12:23:57.708 INFO [http-nio-8080-exec-56] org.apache.catalina.core.ApplicationContext.log Manager: undeploy: Undeploying web application at '/java-web-app'
22-Jul-2022 12:23:57.719 INFO [http-nio-8080-exec-72] org.apache.catalina.core.ApplicationContext.log Manager: install: Installing context configuration at 'file:/C:/Users/RAISA/AppData/Local/Temp/context18263608545207967859.xml'
22-Jul-2022 12:26:48.914 INFO [http-nio-8080-exec-78] org.apache.catalina.core.ApplicationContext.log Manager: list: Listing contexts for virtual host 'localhost'
22-Jul-2022 12:26:48.932 INFO [http-nio-8080-exec-73] org.apache.catalina.core.ApplicationContext.log Manager: list: Listing contexts for virtual host 'localhost'
22-Jul-2022 12:26:48.944 INFO [http-nio-8080-exec-79] org.apache.catalina.core.ApplicationContext.log Manager: undeploy: Undeploying web application at '/java-web-app'
22-Jul-2022 12:26:49.499 INFO [http-nio-8080-exec-56] org.apache.catalina.core.ApplicationContext.log Manager: undeploy: Undeploying web application at '/java-web-app'
22-Jul-2022 12:26:49.517 INFO [http-nio-8080-exec-72] org.apache.catalina.core.ApplicationContext.log Manager: install: Installing context configuration at 'file:/C:/Users/RAISA/AppData/Local/Temp/context6144600777581762385.xml'
22-Jul-2022 12:27:24.249 INFO [http-nio-8080-exec-77] org.apache.catalina.core.ApplicationContext.log Manager: list: Listing contexts for virtual host 'localhost'
22-Jul-2022 12:27:24.253 INFO [http-nio-8080-exec-78] org.apache.catalina.core.ApplicationContext.log Manager: list: Listing contexts for virtual host 'localhost'
22-Jul-2022 12:27:24.264 INFO [http-nio-8080-exec-79] org.apache.catalina.core.ApplicationContext.log Manager: undeploy: Undeploying web application at '/java-web-app'
22-Jul-2022 12:27:24.835 INFO [http-nio-8080-exec-56] org.apache.catalina.core.ApplicationContext.log Manager: undeploy: Undeploying web application at '/java-web-app'
22-Jul-2022 12:27:24.854 INFO [http-nio-8080-exec-72] org.apache.catalina.core.ApplicationContext.log Manager: install: Installing context configuration at 'file:/C:/Users/RAISA/AppData/Local/Temp/context5513872453625822746.xml'
22-Jul-2022 12:27:32.444 INFO [http-nio-8080-exec-76] org.apache.catalina.core.ApplicationContext.log Manager: list: Listing contexts for virtual host 'localhost'
22-Jul-2022 12:27:32.447 INFO [http-nio-8080-exec-79] org.apache.catalina.core.ApplicationContext.log Manager: list: Listing contexts for virtual host 'localhost'
22-Jul-2022 12:27:32.452 INFO [http-nio-8080-exec-56] org.apache.catalina.core.ApplicationContext.log Manager: undeploy: Undeploying web application at '/java-web-app'
22-Jul-2022 12:27:32.986 INFO [http-nio-8080-exec-72] org.apache.catalina.core.ApplicationContext.log Manager: undeploy: Undeploying web application at '/java-web-app'
22-Jul-2022 12:27:32.995 INFO [http-nio-8080-exec-70] org.apache.catalina.core.ApplicationContext.log Manager: install: Installing context configuration at 'file:/C:/Users/RAISA/AppData/Local/Temp/context4012040354972591285.xml'
22-Jul-2022 12:29:19.774 INFO [http-nio-8080-exec-72] org.apache.catalina.core.ApplicationContext.log Manager: list: Listing contexts for virtual host 'localhost'
22-Jul-2022 12:29:19.791 INFO [http-nio-8080-exec-81] org.apache.catalina.core.ApplicationContext.log Manager: list: Listing contexts for virtual host 'localhost'
22-Jul-2022 12:29:19.825 INFO [http-nio-8080-exec-84] org.apache.catalina.core.ApplicationContext.log Manager: undeploy: Undeploying web application at '/java-web-app'
22-Jul-2022 12:29:20.364 INFO [http-nio-8080-exec-56] org.apache.catalina.core.ApplicationContext.log Manager: undeploy: Undeploying web application at '/java-web-app'
22-Jul-2022 12:29:20.375 INFO [http-nio-8080-exec-72] org.apache.catalina.core.ApplicationContext.log Manager: install: Installing context configuration at 'file:/C:/Users/RAISA/AppData/Local/Temp/context11707800836327076789.xml'
22-Jul-2022 12:29:20.894 INFO [http-nio-8080-exec-76] org.apache.catalina.core.ApplicationContext.log Manager: list: Listing contexts for virtual host 'localhost'
22-Jul-2022 12:29:20.899 INFO [http-nio-8080-exec-72] org.apache.catalina.core.ApplicationContext.log Manager: list: Listing contexts for virtual host 'localhost'
22-Jul-2022 12:29:20.915 INFO [http-nio-8080-exec-73] org.apache.catalina.core.ApplicationContext.log Manager: undeploy: Undeploying web application at '/java-web-app'
22-Jul-2022 12:29:21.451 INFO [http-nio-8080-exec-56] org.apache.catalina.core.ApplicationContext.log Manager: undeploy: Undeploying web application at '/java-web-app'
22-Jul-2022 12:29:21.464 INFO [http-nio-8080-exec-72] org.apache.catalina.core.ApplicationContext.log Manager: install: Installing context configuration at 'file:/C:/Users/RAISA/AppData/Local/Temp/context14535862347347375080.xml'
22-Jul-2022 12:29:41.230 INFO [http-nio-8080-exec-56] org.apache.catalina.core.ApplicationContext.log Manager: list: Listing contexts for virtual host 'localhost'
22-Jul-2022 12:29:41.331 INFO [http-nio-8080-exec-72] org.apache.catalina.core.ApplicationContext.log Manager: list: Listing contexts for virtual host 'localhost'
22-Jul-2022 12:29:41.345 INFO [http-nio-8080-exec-81] org.apache.catalina.core.ApplicationContext.log Manager: undeploy: Undeploying web application at '/java-web-app'
22-Jul-2022 12:29:41.349 INFO [http-nio-8080-exec-70] org.apache.catalina.core.ApplicationContext.log Manager: list: Listing contexts for virtual host 'localhost'
22-Jul-2022 12:29:41.882 INFO [http-nio-8080-exec-56] org.apache.catalina.core.ApplicationContext.log Manager: undeploy: Undeploying web application at '/java-web-app'
22-Jul-2022 12:29:41.884 INFO [http-nio-8080-exec-72] org.apache.catalina.core.ApplicationContext.log Manager: undeploy: Undeploying web application at '/java-web-app'
22-Jul-2022 12:29:41.891 INFO [http-nio-8080-exec-86] org.apache.catalina.core.ApplicationContext.log Manager: install: Installing context configuration at 'file:/C:/Users/RAISA/AppData/Local/Temp/context2343761015500250603.xml'
22-Jul-2022 12:29:42.403 INFO [http-nio-8080-exec-76] org.apache.catalina.core.ApplicationContext.log Manager: list: Listing contexts for virtual host 'localhost'
22-Jul-2022 12:29:42.406 INFO [http-nio-8080-exec-56] org.apache.catalina.core.ApplicationContext.log Manager: list: Listing contexts for virtual host 'localhost'
22-Jul-2022 12:29:42.417 INFO [http-nio-8080-exec-72] org.apache.catalina.core.ApplicationContext.log Manager: undeploy: Undeploying web application at '/java-web-app'
22-Jul-2022 12:29:42.969 INFO [http-nio-8080-exec-56] org.apache.catalina.core.ApplicationContext.log Manager: undeploy: Undeploying web application at '/java-web-app'
22-Jul-2022 12:29:42.987 INFO [http-nio-8080-exec-86] org.apache.catalina.core.ApplicationContext.log Manager: install: Installing context configuration at 'file:/C:/Users/RAISA/AppData/Local/Temp/context4713096872592029728.xml'
22-Jul-2022 12:31:28.758 INFO [http-nio-8080-exec-81] org.apache.catalina.core.ApplicationContext.log Manager: list: Listing contexts for virtual host 'localhost'
22-Jul-2022 12:31:28.762 INFO [http-nio-8080-exec-86] org.apache.catalina.core.ApplicationContext.log Manager: list: Listing contexts for virtual host 'localhost'
22-Jul-2022 12:31:28.772 INFO [http-nio-8080-exec-70] org.apache.catalina.core.ApplicationContext.log Manager: undeploy: Undeploying web application at '/java-web-app'
22-Jul-2022 12:31:29.195 INFO [http-nio-8080-exec-77] org.apache.catalina.core.ApplicationContext.log Manager: list: Listing contexts for virtual host 'localhost'
22-Jul-2022 12:31:29.198 INFO [http-nio-8080-exec-73] org.apache.catalina.core.ApplicationContext.log Manager: list: Listing contexts for virtual host 'localhost'
22-Jul-2022 12:31:29.311 INFO [http-nio-8080-exec-76] org.apache.catalina.core.ApplicationContext.log Manager: undeploy: Undeploying web application at '/java-web-app'
22-Jul-2022 12:31:29.313 INFO [http-nio-8080-exec-72] org.apache.catalina.core.ApplicationContext.log Manager: undeploy: Undeploying web application at '/java-web-app'
22-Jul-2022 12:31:29.316 INFO [http-nio-8080-exec-92] org.apache.catalina.core.ApplicationContext.log Manager: undeploy: Undeploying web application at '/java-web-app'
22-Jul-2022 12:31:29.324 INFO [http-nio-8080-exec-90] org.apache.catalina.core.ApplicationContext.log Manager: install: Installing context configuration at 'file:/C:/Users/RAISA/AppData/Local/Temp/context7017464137415905402.xml'
22-Jul-2022 12:31:29.711 INFO [http-nio-8080-exec-86] org.apache.catalina.core.ApplicationContext.log Manager: install: Installing context configuration at 'file:/C:/Users/RAISA/AppData/Local/Temp/context10737652375957377287.xml'
22-Jul-2022 12:31:29.748 INFO [http-nio-8080-exec-91] org.apache.catalina.core.ApplicationContext.log Manager: start: Starting web application '/java-web-app'
22-Jul-2022 12:31:53.529 INFO [http-nio-8080-exec-94] org.apache.catalina.core.ApplicationContext.log Manager: list: Listing contexts for virtual host 'localhost'
22-Jul-2022 12:31:53.537 INFO [http-nio-8080-exec-70] org.apache.catalina.core.ApplicationContext.log Manager: undeploy: Undeploying web application at '/java-web-app'
22-Jul-2022 12:32:06.473 INFO [http-nio-8080-exec-90] org.apache.catalina.core.ApplicationContext.log Manager: list: Listing contexts for virtual host 'localhost'
22-Jul-2022 12:32:06.480 INFO [http-nio-8080-exec-97] org.apache.catalina.core.ApplicationContext.log Manager: list: Listing contexts for virtual host 'localhost'
22-Jul-2022 12:32:06.497 INFO [http-nio-8080-exec-86] org.apache.catalina.core.ApplicationContext.log Manager: install: Installing context configuration at 'file:/C:/Users/RAISA/AppData/Local/Temp/context12545877686830884233.xml'
22-Jul-2022 12:32:06.837 INFO [http-nio-8080-exec-95] org.apache.catalina.core.ApplicationContext.log Manager: start: Starting web application '/java-web-app'
22-Jul-2022 12:32:11.043 INFO [http-nio-8080-exec-70] org.apache.catalina.core.ApplicationContext.log Manager: list: Listing contexts for virtual host 'localhost'
22-Jul-2022 12:32:11.046 INFO [http-nio-8080-exec-97] org.apache.catalina.core.ApplicationContext.log Manager: list: Listing contexts for virtual host 'localhost'
22-Jul-2022 12:32:11.057 INFO [http-nio-8080-exec-86] org.apache.catalina.core.ApplicationContext.log Manager: undeploy: Undeploying web application at '/java-web-app'
22-Jul-2022 12:32:11.593 INFO [http-nio-8080-exec-98] org.apache.catalina.core.ApplicationContext.log Manager: install: Installing context configuration at 'file:/C:/Users/RAISA/AppData/Local/Temp/context1970851655171088872.xml'
22-Jul-2022 12:32:12.295 INFO [http-nio-8080-exec-98] org.apache.catalina.core.ApplicationContext.log Manager: start: Starting web application '/java-web-app'
22-Jul-2022 12:32:19.957 INFO [http-nio-8080-exec-70] org.apache.catalina.core.ApplicationContext.log Manager: list: Listing contexts for virtual host 'localhost'
22-Jul-2022 12:32:19.960 INFO [http-nio-8080-exec-99] org.apache.catalina.core.ApplicationContext.log Manager: list: Listing contexts for virtual host 'localhost'
22-Jul-2022 12:32:19.972 INFO [http-nio-8080-exec-97] org.apache.catalina.core.ApplicationContext.log Manager: undeploy: Undeploying web application at '/java-web-app'
22-Jul-2022 12:32:20.521 INFO [http-nio-8080-exec-95] org.apache.catalina.core.ApplicationContext.log Manager: install: Installing context configuration at 'file:/C:/Users/RAISA/AppData/Local/Temp/context13207142607954578827.xml'
22-Jul-2022 12:32:20.961 INFO [http-nio-8080-exec-101] org.apache.catalina.core.ApplicationContext.log Manager: start: Starting web application '/java-web-app'
22-Jul-2022 12:33:34.118 INFO [http-nio-8080-exec-101] org.apache.catalina.core.ApplicationContext.log Manager: list: Listing contexts for virtual host 'localhost'
22-Jul-2022 12:33:34.124 INFO [http-nio-8080-exec-108] org.apache.catalina.core.ApplicationContext.log Manager: undeploy: Undeploying web application at '/java-web-app'
22-Jul-2022 12:33:34.530 INFO [http-nio-8080-exec-104] org.apache.catalina.core.ApplicationContext.log Manager: list: Listing contexts for virtual host 'localhost'
22-Jul-2022 12:33:34.533 INFO [http-nio-8080-exec-109] org.apache.catalina.core.ApplicationContext.log Manager: list: Listing contexts for virtual host 'localhost'
22-Jul-2022 12:33:34.657 INFO [http-nio-8080-exec-97] org.apache.catalina.core.ApplicationContext.log Manager: undeploy: Undeploying web application at '/java-web-app'
22-Jul-2022 12:33:34.672 INFO [http-nio-8080-exec-106] org.apache.catalina.core.ApplicationContext.log Manager: install: Installing context configuration at 'file:/C:/Users/RAISA/AppData/Local/Temp/context15052196926349328020.xml'
22-Jul-2022 12:33:35.139 INFO [http-nio-8080-exec-105] org.apache.catalina.core.ApplicationContext.log Manager: start: Starting web application '/java-web-app'
22-Jul-2022 12:33:46.812 INFO [http-nio-8080-exec-112] org.apache.catalina.core.ApplicationContext.log Manager: list: Listing contexts for virtual host 'localhost'
22-Jul-2022 12:33:46.815 INFO [http-nio-8080-exec-105] org.apache.catalina.core.ApplicationContext.log Manager: list: Listing contexts for virtual host 'localhost'
22-Jul-2022 12:33:46.823 INFO [http-nio-8080-exec-104] org.apache.catalina.core.ApplicationContext.log Manager: undeploy: Undeploying web application at '/java-web-app'
22-Jul-2022 12:33:47.378 INFO [http-nio-8080-exec-105] org.apache.catalina.core.ApplicationContext.log Manager: install: Installing context configuration at 'file:/C:/Users/RAISA/AppData/Local/Temp/context2065121845557692054.xml'
22-Jul-2022 12:33:47.694 INFO [http-nio-8080-exec-111] org.apache.catalina.core.ApplicationContext.log Manager: start: Starting web application '/java-web-app'
22-Jul-2022 12:34:18.860 INFO [http-nio-8080-exec-109] org.apache.catalina.core.ApplicationContext.log Manager: list: Listing contexts for virtual host 'localhost'
22-Jul-2022 12:34:18.947 INFO [http-nio-8080-exec-97] org.apache.catalina.core.ApplicationContext.log Manager: restart: Reloading web application '/java-web-app'
22-Jul-2022 12:34:20.331 INFO [http-nio-8080-exec-113] org.apache.catalina.core.ApplicationContext.log Manager: list: Listing contexts for virtual host 'localhost'
22-Jul-2022 12:34:20.338 INFO [http-nio-8080-exec-97] org.apache.catalina.core.ApplicationContext.log Manager: undeploy: Undeploying web application at '/java-web-app'
22-Jul-2022 12:34:30.064 INFO [http-nio-8080-exec-108] org.apache.catalina.core.ApplicationContext.log Manager: list: Listing contexts for virtual host 'localhost'
22-Jul-2022 12:34:30.067 INFO [http-nio-8080-exec-116] org.apache.catalina.core.ApplicationContext.log Manager: list: Listing contexts for virtual host 'localhost'
22-Jul-2022 12:34:30.081 INFO [http-nio-8080-exec-113] org.apache.catalina.core.ApplicationContext.log Manager: install: Installing context configuration at 'file:/C:/Users/RAISA/AppData/Local/Temp/context8397179629541466944.xml'
22-Jul-2022 12:34:30.338 INFO [http-nio-8080-exec-97] org.apache.catalina.core.ApplicationContext.log Manager: start: Starting web application '/java-web-app'
22-Jul-2022 12:34:40.841 INFO [http-nio-8080-exec-116] org.apache.catalina.core.ApplicationContext.log Manager: list: Listing contexts for virtual host 'localhost'
22-Jul-2022 12:34:40.845 INFO [http-nio-8080-exec-118] org.apache.catalina.core.ApplicationContext.log Manager: undeploy: Undeploying web application at '/java-web-app'
22-Jul-2022 12:34:41.281 INFO [http-nio-8080-exec-120] org.apache.catalina.core.ApplicationContext.log Manager: list: Listing contexts for virtual host 'localhost'
22-Jul-2022 12:34:41.406 INFO [http-nio-8080-exec-118] org.apache.catalina.core.ApplicationContext.log Manager: restart: Reloading web application '/java-web-app'
22-Jul-2022 12:34:45.833 INFO [http-nio-8080-exec-120] org.apache.catalina.core.ApplicationContext.log Manager: list: Listing contexts for virtual host 'localhost'
22-Jul-2022 12:35:06.190 INFO [http-nio-8080-exec-108] org.apache.catalina.core.ApplicationContext.log Manager: list: Listing contexts for virtual host 'localhost'
22-Jul-2022 12:35:06.193 INFO [http-nio-8080-exec-113] org.apache.catalina.core.ApplicationContext.log Manager: list: Listing contexts for virtual host 'localhost'
22-Jul-2022 12:35:06.209 INFO [http-nio-8080-exec-120] org.apache.catalina.core.ApplicationContext.log Manager: install: Installing context configuration at 'file:/C:/Users/RAISA/AppData/Local/Temp/context8633675626687695370.xml'
22-Jul-2022 12:35:06.433 INFO [http-nio-8080-exec-121] org.apache.catalina.core.ApplicationContext.log Manager: start: Starting web application '/java-web-app'
22-Jul-2022 12:37:05.218 INFO [http-nio-8080-exec-122] org.apache.catalina.core.ApplicationContext.log Manager: list: Listing contexts for virtual host 'localhost'
22-Jul-2022 12:37:05.220 INFO [http-nio-8080-exec-97] org.apache.catalina.core.ApplicationContext.log Manager: list: Listing contexts for virtual host 'localhost'
22-Jul-2022 12:37:05.234 INFO [http-nio-8080-exec-120] org.apache.catalina.core.ApplicationContext.log Manager: undeploy: Undeploying web application at '/java-web-app'
22-Jul-2022 12:37:05.778 INFO [http-nio-8080-exec-115] org.apache.catalina.core.ApplicationContext.log Manager: install: Installing context configuration at 'file:/C:/Users/RAISA/AppData/Local/Temp/context11713863491878220551.xml'
22-Jul-2022 12:37:06.043 INFO [http-nio-8080-exec-97] org.apache.catalina.core.ApplicationContext.log Manager: start: Starting web application '/java-web-app'
22-Jul-2022 12:37:06.441 INFO [http-nio-8080-exec-115] org.apache.catalina.core.ApplicationContext.log Manager: list: Listing contexts for virtual host 'localhost'
22-Jul-2022 12:37:06.450 INFO [http-nio-8080-exec-97] org.apache.catalina.core.ApplicationContext.log Manager: undeploy: Undeploying web application at '/java-web-app'
22-Jul-2022 12:37:27.830 INFO [http-nio-8080-exec-108] org.apache.catalina.core.ApplicationContext.log Manager: list: Listing contexts for virtual host 'localhost'
22-Jul-2022 12:37:27.835 INFO [http-nio-8080-exec-125] org.apache.catalina.core.ApplicationContext.log Manager: list: Listing contexts for virtual host 'localhost'
22-Jul-2022 12:37:27.847 INFO [http-nio-8080-exec-126] org.apache.catalina.core.ApplicationContext.log Manager: install: Installing context configuration at 'file:/C:/Users/RAISA/AppData/Local/Temp/context10879497911541744589.xml'
22-Jul-2022 12:37:28.088 INFO [http-nio-8080-exec-97] org.apache.catalina.core.ApplicationContext.log Manager: start: Starting web application '/java-web-app'
22-Jul-2022 12:44:18.783 INFO [http-nio-8080-exec-128] org.apache.catalina.core.ApplicationContext.log Manager: list: Listing contexts for virtual host 'localhost'
22-Jul-2022 12:44:18.839 INFO [http-nio-8080-exec-129] org.apache.catalina.core.ApplicationContext.log Manager: restart: Reloading web application '/java-web-app'
22-Jul-2022 12:44:19.598 INFO [http-nio-8080-exec-135] org.apache.catalina.core.ApplicationContext.log Manager: list: Listing contexts for virtual host 'localhost'
22-Jul-2022 12:44:19.607 INFO [http-nio-8080-exec-136] org.apache.catalina.core.ApplicationContext.log Manager: undeploy: Undeploying web application at '/java-web-app'
22-Jul-2022 12:44:43.407 INFO [http-nio-8080-exec-128] org.apache.catalina.core.ApplicationContext.log Manager: list: Listing contexts for virtual host 'localhost'
22-Jul-2022 12:44:43.411 INFO [http-nio-8080-exec-132] org.apache.catalina.core.ApplicationContext.log Manager: list: Listing contexts for virtual host 'localhost'
22-Jul-2022 12:44:43.420 INFO [http-nio-8080-exec-137] org.apache.catalina.core.ApplicationContext.log Manager: install: Installing context configuration at 'file:/C:/Users/RAISA/AppData/Local/Temp/context13084394301064714006.xml'
22-Jul-2022 12:44:48.614 INFO [http-nio-8080-exec-140] org.apache.catalina.core.ApplicationContext.log Manager: list: Listing contexts for virtual host 'localhost'
22-Jul-2022 12:44:48.617 INFO [http-nio-8080-exec-135] org.apache.catalina.core.ApplicationContext.log Manager: list: Listing contexts for virtual host 'localhost'
22-Jul-2022 12:44:48.622 INFO [http-nio-8080-exec-132] org.apache.catalina.core.ApplicationContext.log Manager: undeploy: Undeploying web application at '/java-web-app'
22-Jul-2022 12:44:49.164 INFO [http-nio-8080-exec-137] org.apache.catalina.core.ApplicationContext.log Manager: install: Installing context configuration at 'file:/C:/Users/RAISA/AppData/Local/Temp/context16675180063221708200.xml'
22-Jul-2022 12:47:19.839 INFO [http-nio-8080-exec-132] org.apache.catalina.core.ApplicationContext.log Manager: list: Listing contexts for virtual host 'localhost'
22-Jul-2022 12:47:19.844 INFO [http-nio-8080-exec-137] org.apache.catalina.core.ApplicationContext.log Manager: undeploy: Undeploying web application at '/java-web-app'
22-Jul-2022 13:18:57.569 INFO [http-nio-8080-exec-151] org.apache.catalina.core.ApplicationContext.log Manager: list: Listing contexts for virtual host 'localhost'
22-Jul-2022 13:18:58.198 INFO [http-nio-8080-exec-150] org.apache.catalina.core.ApplicationContext.log Manager: list: Listing contexts for virtual host 'localhost'
22-Jul-2022 13:19:29.769 INFO [http-nio-8080-exec-149] org.apache.catalina.core.ApplicationContext.log Manager: list: Listing contexts for virtual host 'localhost'
22-Jul-2022 13:19:29.774 INFO [http-nio-8080-exec-148] org.apache.catalina.core.ApplicationContext.log Manager: list: Listing contexts for virtual host 'localhost'
22-Jul-2022 13:19:29.789 INFO [http-nio-8080-exec-150] org.apache.catalina.core.ApplicationContext.log Manager: install: Installing context configuration at 'file:/C:/Users/RAISA/AppData/Local/Temp/context12661579667284061368.xml'
22-Jul-2022 13:19:35.553 INFO [http-nio-8080-exec-153] org.apache.catalina.core.ApplicationContext.log Manager: list: Listing contexts for virtual host 'localhost'
22-Jul-2022 13:19:35.555 INFO [http-nio-8080-exec-145] org.apache.catalina.core.ApplicationContext.log Manager: list: Listing contexts for virtual host 'localhost'
22-Jul-2022 13:19:35.570 INFO [http-nio-8080-exec-148] org.apache.catalina.core.ApplicationContext.log Manager: undeploy: Undeploying web application at '/java-web-app'
22-Jul-2022 13:19:36.095 INFO [http-nio-8080-exec-151] org.apache.catalina.core.ApplicationContext.log Manager: install: Installing context configuration at 'file:/C:/Users/RAISA/AppData/Local/Temp/context17405310517861743618.xml'
22-Jul-2022 13:21:49.510 INFO [http-nio-8080-exec-155] org.apache.catalina.core.ApplicationContext.log Manager: list: Listing contexts for virtual host 'localhost'
22-Jul-2022 13:21:49.570 INFO [http-nio-8080-exec-156] org.apache.catalina.core.ApplicationContext.log Manager: restart: Reloading web application '/java-web-app'
22-Jul-2022 13:21:49.570 SEVERE [http-nio-8080-exec-156] org.apache.catalina.core.ApplicationContext.log Manager: Erreur lors du rechargement de [/java-web-app]
	java.lang.IllegalStateException: Le contexte [/java-web-app] n'a pas encore été démarré
		at org.apache.catalina.core.StandardContext.reload(StandardContext.java:3799)
		at org.apache.catalina.manager.ManagerServlet.reload(ManagerServlet.java:1132)
		at org.apache.catalina.manager.ManagerServlet.doGet(ManagerServlet.java:367)
		at javax.servlet.http.HttpServlet.service(HttpServlet.java:655)
		at javax.servlet.http.HttpServlet.service(HttpServlet.java:764)
		at org.apache.catalina.core.ApplicationFilterChain.internalDoFilter(ApplicationFilterChain.java:227)
		at org.apache.catalina.core.ApplicationFilterChain.doFilter(ApplicationFilterChain.java:162)
		at org.apache.tomcat.websocket.server.WsFilter.doFilter(WsFilter.java:53)
		at org.apache.catalina.core.ApplicationFilterChain.internalDoFilter(ApplicationFilterChain.java:189)
		at org.apache.catalina.core.ApplicationFilterChain.doFilter(ApplicationFilterChain.java:162)
		at org.apache.catalina.filters.HttpHeaderSecurityFilter.doFilter(HttpHeaderSecurityFilter.java:126)
		at org.apache.catalina.core.ApplicationFilterChain.internalDoFilter(ApplicationFilterChain.java:189)
		at org.apache.catalina.core.ApplicationFilterChain.doFilter(ApplicationFilterChain.java:162)
		at org.apache.catalina.core.StandardWrapperValve.invoke(StandardWrapperValve.java:197)
		at org.apache.catalina.core.StandardContextValve.invoke(StandardContextValve.java:97)
		at org.apache.catalina.authenticator.AuthenticatorBase.invoke(AuthenticatorBase.java:660)
		at org.apache.catalina.valves.RequestFilterValve.process(RequestFilterValve.java:378)
		at org.apache.catalina.valves.RemoteAddrValve.invoke(RemoteAddrValve.java:56)
		at org.apache.catalina.core.StandardHostValve.invoke(StandardHostValve.java:135)
		at org.apache.catalina.valves.ErrorReportValve.invoke(ErrorReportValve.java:92)
		at org.apache.catalina.valves.AbstractAccessLogValve.invoke(AbstractAccessLogValve.java:687)
		at org.apache.catalina.core.StandardEngineValve.invoke(StandardEngineValve.java:78)
		at org.apache.catalina.connector.CoyoteAdapter.service(CoyoteAdapter.java:360)
		at org.apache.coyote.http11.Http11Processor.service(Http11Processor.java:399)
		at org.apache.coyote.AbstractProcessorLight.process(AbstractProcessorLight.java:65)
		at org.apache.coyote.AbstractProtocol$ConnectionHandler.process(AbstractProtocol.java:890)
		at org.apache.tomcat.util.net.NioEndpoint$SocketProcessor.doRun(NioEndpoint.java:1787)
		at org.apache.tomcat.util.net.SocketProcessorBase.run(SocketProcessorBase.java:49)
		at org.apache.tomcat.util.threads.ThreadPoolExecutor.runWorker(ThreadPoolExecutor.java:1191)
		at org.apache.tomcat.util.threads.ThreadPoolExecutor$Worker.run(ThreadPoolExecutor.java:659)
		at org.apache.tomcat.util.threads.TaskThread$WrappingRunnable.run(TaskThread.java:61)
		at java.base/java.lang.Thread.run(Thread.java:833)
22-Jul-2022 13:21:51.495 INFO [http-nio-8080-exec-149] org.apache.catalina.core.ApplicationContext.log Manager: list: Listing contexts for virtual host 'localhost'
22-Jul-2022 13:21:51.536 INFO [http-nio-8080-exec-152] org.apache.catalina.core.ApplicationContext.log Manager: undeploy: Undeploying web application at '/java-web-app'
22-Jul-2022 13:22:03.216 INFO [http-nio-8080-exec-155] org.apache.catalina.core.ApplicationContext.log Manager: list: Listing contexts for virtual host 'localhost'
22-Jul-2022 13:22:03.219 INFO [http-nio-8080-exec-153] org.apache.catalina.core.ApplicationContext.log Manager: list: Listing contexts for virtual host 'localhost'
22-Jul-2022 13:22:03.229 INFO [http-nio-8080-exec-156] org.apache.catalina.core.ApplicationContext.log Manager: install: Installing context configuration at 'file:/C:/Users/RAISA/AppData/Local/Temp/context12625499160249753875.xml'
22-Jul-2022 13:22:03.443 INFO [http-nio-8080-exec-152] org.apache.catalina.core.ApplicationContext.log Manager: start: Starting web application '/java-web-app'
22-Jul-2022 13:23:15.898 INFO [http-nio-8080-exec-155] org.apache.catalina.core.ApplicationContext.log Manager: list: Listing contexts for virtual host 'localhost'
22-Jul-2022 13:23:15.903 INFO [http-nio-8080-exec-156] org.apache.catalina.core.ApplicationContext.log Manager: undeploy: Undeploying web application at '/java-web-app'
22-Jul-2022 13:23:26.169 INFO [http-nio-8080-exec-163] org.apache.catalina.core.ApplicationContext.log Manager: list: Listing contexts for virtual host 'localhost'
22-Jul-2022 13:23:26.174 INFO [http-nio-8080-exec-161] org.apache.catalina.core.ApplicationContext.log Manager: list: Listing contexts for virtual host 'localhost'
22-Jul-2022 13:23:26.187 INFO [http-nio-8080-exec-164] org.apache.catalina.core.ApplicationContext.log Manager: install: Installing context configuration at 'file:/C:/Users/RAISA/AppData/Local/Temp/context8390643507376727686.xml'
22-Jul-2022 13:23:26.450 INFO [http-nio-8080-exec-149] org.apache.catalina.core.ApplicationContext.log Manager: start: Starting web application '/java-web-app'
22-Jul-2022 13:40:12.490 INFO [http-nio-8080-exec-172] org.apache.catalina.core.ApplicationContext.log Manager: list: Listing contexts for virtual host 'localhost'
22-Jul-2022 13:40:12.509 INFO [http-nio-8080-exec-171] org.apache.catalina.core.ApplicationContext.log Manager: list: Listing contexts for virtual host 'localhost'
22-Jul-2022 13:40:12.518 INFO [http-nio-8080-exec-172] org.apache.catalina.core.ApplicationContext.log Manager: undeploy: Undeploying web application at '/java-web-app'
22-Jul-2022 13:40:13.046 INFO [http-nio-8080-exec-165] org.apache.catalina.core.ApplicationContext.log Manager: install: Installing context configuration at 'file:/C:/Users/RAISA/AppData/Local/Temp/context1724580894385880295.xml'
22-Jul-2022 13:40:13.282 INFO [http-nio-8080-exec-169] org.apache.catalina.core.ApplicationContext.log Manager: start: Starting web application '/java-web-app'
22-Jul-2022 13:40:13.622 INFO [http-nio-8080-exec-171] org.apache.catalina.core.ApplicationContext.log Manager: list: Listing contexts for virtual host 'localhost'
22-Jul-2022 13:40:33.655 INFO [http-nio-8080-exec-174] org.apache.catalina.core.ApplicationContext.log Manager: list: Listing contexts for virtual host 'localhost'
22-Jul-2022 13:40:33.711 INFO [http-nio-8080-exec-169] org.apache.catalina.core.ApplicationContext.log Manager: restart: Reloading web application '/java-web-app'
22-Jul-2022 13:40:37.906 INFO [http-nio-8080-exec-173] org.apache.catalina.core.ApplicationContext.log Manager: list: Listing contexts for virtual host 'localhost'
22-Jul-2022 13:40:37.915 INFO [http-nio-8080-exec-171] org.apache.catalina.core.ApplicationContext.log Manager: undeploy: Undeploying web application at '/java-web-app'
22-Jul-2022 13:40:48.816 INFO [http-nio-8080-exec-177] org.apache.catalina.core.ApplicationContext.log Manager: list: Listing contexts for virtual host 'localhost'
22-Jul-2022 13:40:48.821 INFO [http-nio-8080-exec-168] org.apache.catalina.core.ApplicationContext.log Manager: list: Listing contexts for virtual host 'localhost'
22-Jul-2022 13:40:48.835 INFO [http-nio-8080-exec-175] org.apache.catalina.core.ApplicationContext.log Manager: install: Installing context configuration at 'file:/C:/Users/RAISA/AppData/Local/Temp/context14820924028227011361.xml'
22-Jul-2022 13:40:54.039 INFO [http-nio-8080-exec-173] org.apache.catalina.core.ApplicationContext.log Manager: list: Listing contexts for virtual host 'localhost'
22-Jul-2022 13:40:54.041 INFO [http-nio-8080-exec-176] org.apache.catalina.core.ApplicationContext.log Manager: list: Listing contexts for virtual host 'localhost'
22-Jul-2022 13:40:54.048 INFO [http-nio-8080-exec-168] org.apache.catalina.core.ApplicationContext.log Manager: undeploy: Undeploying web application at '/java-web-app'
22-Jul-2022 13:40:54.595 INFO [http-nio-8080-exec-173] org.apache.catalina.core.ApplicationContext.log Manager: install: Installing context configuration at 'file:/C:/Users/RAISA/AppData/Local/Temp/context6359613954727518725.xml'
22-Jul-2022 13:41:20.730 INFO [http-nio-8080-exec-170] org.apache.catalina.core.ApplicationContext.log Manager: list: Listing contexts for virtual host 'localhost'
22-Jul-2022 13:41:20.795 INFO [http-nio-8080-exec-167] org.apache.catalina.core.ApplicationContext.log Manager: restart: Reloading web application '/java-web-app'
22-Jul-2022 13:41:20.795 SEVERE [http-nio-8080-exec-167] org.apache.catalina.core.ApplicationContext.log Manager: Erreur lors du rechargement de [/java-web-app]
	java.lang.IllegalStateException: Le contexte [/java-web-app] n'a pas encore été démarré
		at org.apache.catalina.core.StandardContext.reload(StandardContext.java:3799)
		at org.apache.catalina.manager.ManagerServlet.reload(ManagerServlet.java:1132)
		at org.apache.catalina.manager.ManagerServlet.doGet(ManagerServlet.java:367)
		at javax.servlet.http.HttpServlet.service(HttpServlet.java:655)
		at javax.servlet.http.HttpServlet.service(HttpServlet.java:764)
		at org.apache.catalina.core.ApplicationFilterChain.internalDoFilter(ApplicationFilterChain.java:227)
		at org.apache.catalina.core.ApplicationFilterChain.doFilter(ApplicationFilterChain.java:162)
		at org.apache.tomcat.websocket.server.WsFilter.doFilter(WsFilter.java:53)
		at org.apache.catalina.core.ApplicationFilterChain.internalDoFilter(ApplicationFilterChain.java:189)
		at org.apache.catalina.core.ApplicationFilterChain.doFilter(ApplicationFilterChain.java:162)
		at org.apache.catalina.filters.HttpHeaderSecurityFilter.doFilter(HttpHeaderSecurityFilter.java:126)
		at org.apache.catalina.core.ApplicationFilterChain.internalDoFilter(ApplicationFilterChain.java:189)
		at org.apache.catalina.core.ApplicationFilterChain.doFilter(ApplicationFilterChain.java:162)
		at org.apache.catalina.core.StandardWrapperValve.invoke(StandardWrapperValve.java:197)
		at org.apache.catalina.core.StandardContextValve.invoke(StandardContextValve.java:97)
		at org.apache.catalina.authenticator.AuthenticatorBase.invoke(AuthenticatorBase.java:660)
		at org.apache.catalina.valves.RequestFilterValve.process(RequestFilterValve.java:378)
		at org.apache.catalina.valves.RemoteAddrValve.invoke(RemoteAddrValve.java:56)
		at org.apache.catalina.core.StandardHostValve.invoke(StandardHostValve.java:135)
		at org.apache.catalina.valves.ErrorReportValve.invoke(ErrorReportValve.java:92)
		at org.apache.catalina.valves.AbstractAccessLogValve.invoke(AbstractAccessLogValve.java:687)
		at org.apache.catalina.core.StandardEngineValve.invoke(StandardEngineValve.java:78)
		at org.apache.catalina.connector.CoyoteAdapter.service(CoyoteAdapter.java:360)
		at org.apache.coyote.http11.Http11Processor.service(Http11Processor.java:399)
		at org.apache.coyote.AbstractProcessorLight.process(AbstractProcessorLight.java:65)
		at org.apache.coyote.AbstractProtocol$ConnectionHandler.process(AbstractProtocol.java:890)
		at org.apache.tomcat.util.net.NioEndpoint$SocketProcessor.doRun(NioEndpoint.java:1787)
		at org.apache.tomcat.util.net.SocketProcessorBase.run(SocketProcessorBase.java:49)
		at org.apache.tomcat.util.threads.ThreadPoolExecutor.runWorker(ThreadPoolExecutor.java:1191)
		at org.apache.tomcat.util.threads.ThreadPoolExecutor$Worker.run(ThreadPoolExecutor.java:659)
		at org.apache.tomcat.util.threads.TaskThread$WrappingRunnable.run(TaskThread.java:61)
		at java.base/java.lang.Thread.run(Thread.java:833)
22-Jul-2022 13:41:22.685 INFO [http-nio-8080-exec-173] org.apache.catalina.core.ApplicationContext.log Manager: list: Listing contexts for virtual host 'localhost'
22-Jul-2022 13:41:22.694 INFO [http-nio-8080-exec-181] org.apache.catalina.core.ApplicationContext.log Manager: undeploy: Undeploying web application at '/java-web-app'
22-Jul-2022 13:41:33.809 INFO [http-nio-8080-exec-177] org.apache.catalina.core.ApplicationContext.log Manager: list: Listing contexts for virtual host 'localhost'
22-Jul-2022 13:41:33.812 INFO [http-nio-8080-exec-175] org.apache.catalina.core.ApplicationContext.log Manager: list: Listing contexts for virtual host 'localhost'
22-Jul-2022 13:41:33.826 INFO [http-nio-8080-exec-181] org.apache.catalina.core.ApplicationContext.log Manager: install: Installing context configuration at 'file:/C:/Users/RAISA/AppData/Local/Temp/context12652628328728603445.xml'
22-Jul-2022 13:41:39.648 INFO [http-nio-8080-exec-167] org.apache.catalina.core.ApplicationContext.log Manager: list: Listing contexts for virtual host 'localhost'
22-Jul-2022 13:41:39.650 INFO [http-nio-8080-exec-183] org.apache.catalina.core.ApplicationContext.log Manager: list: Listing contexts for virtual host 'localhost'
22-Jul-2022 13:41:39.655 INFO [http-nio-8080-exec-175] org.apache.catalina.core.ApplicationContext.log Manager: undeploy: Undeploying web application at '/java-web-app'
22-Jul-2022 13:41:40.179 INFO [http-nio-8080-exec-183] org.apache.catalina.core.ApplicationContext.log Manager: install: Installing context configuration at 'file:/C:/Users/RAISA/AppData/Local/Temp/context14869275176402129477.xml'
22-Jul-2022 13:42:31.718 INFO [http-nio-8080-exec-186] org.apache.catalina.core.ApplicationContext.log Manager: list: Listing contexts for virtual host 'localhost'
22-Jul-2022 13:42:31.723 INFO [http-nio-8080-exec-175] org.apache.catalina.core.ApplicationContext.log Manager: list: Listing contexts for virtual host 'localhost'
22-Jul-2022 13:42:31.729 INFO [http-nio-8080-exec-183] org.apache.catalina.core.ApplicationContext.log Manager: undeploy: Undeploying web application at '/java-web-app'
22-Jul-2022 13:42:32.253 INFO [http-nio-8080-exec-168] org.apache.catalina.core.ApplicationContext.log Manager: install: Installing context configuration at 'file:/C:/Users/RAISA/AppData/Local/Temp/context5673010394883745604.xml'
22-Jul-2022 13:42:33.822 INFO [http-nio-8080-exec-180] org.apache.catalina.core.ApplicationContext.log Manager: list: Listing contexts for virtual host 'localhost'
22-Jul-2022 13:42:33.828 INFO [http-nio-8080-exec-183] org.apache.catalina.core.ApplicationContext.log Manager: undeploy: Undeploying web application at '/java-web-app'
22-Jul-2022 13:42:44.602 INFO [http-nio-8080-exec-170] org.apache.catalina.core.ApplicationContext.log Manager: list: Listing contexts for virtual host 'localhost'
22-Jul-2022 13:42:44.606 INFO [http-nio-8080-exec-168] org.apache.catalina.core.ApplicationContext.log Manager: list: Listing contexts for virtual host 'localhost'
22-Jul-2022 13:42:44.618 INFO [http-nio-8080-exec-187] org.apache.catalina.core.ApplicationContext.log Manager: install: Installing context configuration at 'file:/C:/Users/RAISA/AppData/Local/Temp/context13352807317996772888.xml'
22-Jul-2022 13:42:50.017 INFO [http-nio-8080-exec-185] org.apache.catalina.core.ApplicationContext.log Manager: list: Listing contexts for virtual host 'localhost'
22-Jul-2022 13:42:50.020 INFO [http-nio-8080-exec-180] org.apache.catalina.core.ApplicationContext.log Manager: list: Listing contexts for virtual host 'localhost'
22-Jul-2022 13:42:50.024 INFO [http-nio-8080-exec-168] org.apache.catalina.core.ApplicationContext.log Manager: undeploy: Undeploying web application at '/java-web-app'
22-Jul-2022 13:42:50.580 INFO [http-nio-8080-exec-167] org.apache.catalina.core.ApplicationContext.log Manager: install: Installing context configuration at 'file:/C:/Users/RAISA/AppData/Local/Temp/context353758650381414692.xml'
22-Jul-2022 13:48:39.936 INFO [http-nio-8080-exec-195] org.apache.catalina.core.ApplicationContext.log Manager: list: Listing contexts for virtual host 'localhost'
22-Jul-2022 13:48:39.944 INFO [http-nio-8080-exec-168] org.apache.catalina.core.ApplicationContext.log Manager: list: Listing contexts for virtual host 'localhost'
22-Jul-2022 13:48:39.951 INFO [http-nio-8080-exec-167] org.apache.catalina.core.ApplicationContext.log Manager: undeploy: Undeploying web application at '/java-web-app'
22-Jul-2022 13:48:40.496 INFO [http-nio-8080-exec-196] org.apache.catalina.core.ApplicationContext.log Manager: install: Installing context configuration at 'file:/C:/Users/RAISA/AppData/Local/Temp/context6735054396336703407.xml'
22-Jul-2022 13:48:40.929 INFO [http-nio-8080-exec-192] org.apache.catalina.core.ApplicationContext.log Manager: list: Listing contexts for virtual host 'localhost'
22-Jul-2022 13:48:40.931 INFO [http-nio-8080-exec-191] org.apache.catalina.core.ApplicationContext.log Manager: list: Listing contexts for virtual host 'localhost'
22-Jul-2022 13:48:40.936 INFO [http-nio-8080-exec-189] org.apache.catalina.core.ApplicationContext.log Manager: undeploy: Undeploying web application at '/java-web-app'
22-Jul-2022 13:48:41.472 INFO [http-nio-8080-exec-190] org.apache.catalina.core.ApplicationContext.log Manager: install: Installing context configuration at 'file:/C:/Users/RAISA/AppData/Local/Temp/context851330411849806334.xml'
22-Jul-2022 14:12:40.951 INFO [http-nio-8080-exec-209] org.apache.catalina.core.ApplicationContext.log Manager: list: Listing contexts for virtual host 'localhost'
22-Jul-2022 14:12:41.566 INFO [http-nio-8080-exec-207] org.apache.catalina.core.ApplicationContext.log Manager: list: Listing contexts for virtual host 'localhost'
22-Jul-2022 14:12:41.571 INFO [http-nio-8080-exec-202] org.apache.catalina.core.ApplicationContext.log Manager: list: Listing contexts for virtual host 'localhost'
22-Jul-2022 14:12:41.591 INFO [http-nio-8080-exec-206] org.apache.catalina.core.ApplicationContext.log Manager: install: Installing context configuration at 'file:/C:/Users/RAISA/AppData/Local/Temp/context776368475906854572.xml'
22-Jul-2022 14:14:15.903 INFO [http-nio-8080-exec-208] org.apache.catalina.core.ApplicationContext.log Manager: list: Listing contexts for virtual host 'localhost'
22-Jul-2022 14:14:15.907 INFO [http-nio-8080-exec-201] org.apache.catalina.core.ApplicationContext.log Manager: undeploy: Undeploying web application at '/java-web-app'
22-Jul-2022 14:14:16.297 INFO [http-nio-8080-exec-208] org.apache.catalina.core.ApplicationContext.log Manager: list: Listing contexts for virtual host 'localhost'
22-Jul-2022 14:14:16.300 INFO [http-nio-8080-exec-203] org.apache.catalina.core.ApplicationContext.log Manager: list: Listing contexts for virtual host 'localhost'
22-Jul-2022 14:14:16.440 INFO [http-nio-8080-exec-202] org.apache.catalina.core.ApplicationContext.log Manager: undeploy: Undeploying web application at '/java-web-app'
22-Jul-2022 14:14:16.456 INFO [http-nio-8080-exec-212] org.apache.catalina.core.ApplicationContext.log Manager: install: Installing context configuration at 'file:/C:/Users/RAISA/AppData/Local/Temp/context13789681316714725205.xml'
22-Jul-2022 14:14:16.862 INFO [http-nio-8080-exec-211] org.apache.catalina.core.ApplicationContext.log Manager: start: Starting web application '/java-web-app'
22-Jul-2022 14:14:49.683 INFO [http-nio-8080-exec-213] org.apache.catalina.core.ApplicationContext.log Manager: list: Listing contexts for virtual host 'localhost'
22-Jul-2022 14:14:49.794 INFO [http-nio-8080-exec-210] org.apache.catalina.core.ApplicationContext.log Manager: restart: Reloading web application '/java-web-app'
22-Jul-2022 14:14:49.794 SEVERE [http-nio-8080-exec-210] org.apache.catalina.core.ApplicationContext.log Manager: Erreur lors du rechargement de [/java-web-app]
	java.lang.IllegalStateException: Le contexte [/java-web-app] n'a pas encore été démarré
		at org.apache.catalina.core.StandardContext.reload(StandardContext.java:3799)
		at org.apache.catalina.manager.ManagerServlet.reload(ManagerServlet.java:1132)
		at org.apache.catalina.manager.ManagerServlet.doGet(ManagerServlet.java:367)
		at javax.servlet.http.HttpServlet.service(HttpServlet.java:655)
		at javax.servlet.http.HttpServlet.service(HttpServlet.java:764)
		at org.apache.catalina.core.ApplicationFilterChain.internalDoFilter(ApplicationFilterChain.java:227)
		at org.apache.catalina.core.ApplicationFilterChain.doFilter(ApplicationFilterChain.java:162)
		at org.apache.tomcat.websocket.server.WsFilter.doFilter(WsFilter.java:53)
		at org.apache.catalina.core.ApplicationFilterChain.internalDoFilter(ApplicationFilterChain.java:189)
		at org.apache.catalina.core.ApplicationFilterChain.doFilter(ApplicationFilterChain.java:162)
		at org.apache.catalina.filters.HttpHeaderSecurityFilter.doFilter(HttpHeaderSecurityFilter.java:126)
		at org.apache.catalina.core.ApplicationFilterChain.internalDoFilter(ApplicationFilterChain.java:189)
		at org.apache.catalina.core.ApplicationFilterChain.doFilter(ApplicationFilterChain.java:162)
		at org.apache.catalina.core.StandardWrapperValve.invoke(StandardWrapperValve.java:197)
		at org.apache.catalina.core.StandardContextValve.invoke(StandardContextValve.java:97)
		at org.apache.catalina.authenticator.AuthenticatorBase.invoke(AuthenticatorBase.java:660)
		at org.apache.catalina.valves.RequestFilterValve.process(RequestFilterValve.java:378)
		at org.apache.catalina.valves.RemoteAddrValve.invoke(RemoteAddrValve.java:56)
		at org.apache.catalina.core.StandardHostValve.invoke(StandardHostValve.java:135)
		at org.apache.catalina.valves.ErrorReportValve.invoke(ErrorReportValve.java:92)
		at org.apache.catalina.valves.AbstractAccessLogValve.invoke(AbstractAccessLogValve.java:687)
		at org.apache.catalina.core.StandardEngineValve.invoke(StandardEngineValve.java:78)
		at org.apache.catalina.connector.CoyoteAdapter.service(CoyoteAdapter.java:360)
		at org.apache.coyote.http11.Http11Processor.service(Http11Processor.java:399)
		at org.apache.coyote.AbstractProcessorLight.process(AbstractProcessorLight.java:65)
		at org.apache.coyote.AbstractProtocol$ConnectionHandler.process(AbstractProtocol.java:890)
		at org.apache.tomcat.util.net.NioEndpoint$SocketProcessor.doRun(NioEndpoint.java:1787)
		at org.apache.tomcat.util.net.SocketProcessorBase.run(SocketProcessorBase.java:49)
		at org.apache.tomcat.util.threads.ThreadPoolExecutor.runWorker(ThreadPoolExecutor.java:1191)
		at org.apache.tomcat.util.threads.ThreadPoolExecutor$Worker.run(ThreadPoolExecutor.java:659)
		at org.apache.tomcat.util.threads.TaskThread$WrappingRunnable.run(TaskThread.java:61)
		at java.base/java.lang.Thread.run(Thread.java:833)
22-Jul-2022 14:14:50.612 INFO [http-nio-8080-exec-202] org.apache.catalina.core.ApplicationContext.log Manager: list: Listing contexts for virtual host 'localhost'
22-Jul-2022 14:14:50.619 INFO [http-nio-8080-exec-214] org.apache.catalina.core.ApplicationContext.log Manager: undeploy: Undeploying web application at '/java-web-app'
22-Jul-2022 14:15:14.132 INFO [http-nio-8080-exec-203] org.apache.catalina.core.ApplicationContext.log Manager: list: Listing contexts for virtual host 'localhost'
22-Jul-2022 14:15:14.136 INFO [http-nio-8080-exec-202] org.apache.catalina.core.ApplicationContext.log Manager: list: Listing contexts for virtual host 'localhost'
22-Jul-2022 14:15:14.154 INFO [http-nio-8080-exec-216] org.apache.catalina.core.ApplicationContext.log Manager: install: Installing context configuration at 'file:/C:/Users/RAISA/AppData/Local/Temp/context7782656141991727220.xml'
22-Jul-2022 14:15:20.938 INFO [http-nio-8080-exec-210] org.apache.catalina.core.ApplicationContext.log Manager: list: Listing contexts for virtual host 'localhost'
22-Jul-2022 14:15:20.942 INFO [http-nio-8080-exec-208] org.apache.catalina.core.ApplicationContext.log Manager: list: Listing contexts for virtual host 'localhost'
22-Jul-2022 14:15:20.948 INFO [http-nio-8080-exec-202] org.apache.catalina.core.ApplicationContext.log Manager: undeploy: Undeploying web application at '/java-web-app'
22-Jul-2022 14:15:21.477 INFO [http-nio-8080-exec-216] org.apache.catalina.core.ApplicationContext.log Manager: install: Installing context configuration at 'file:/C:/Users/RAISA/AppData/Local/Temp/context2842798438212807945.xml'
22-Jul-2022 14:16:14.232 INFO [http-nio-8080-exec-217] org.apache.catalina.core.ApplicationContext.log Manager: list: Listing contexts for virtual host 'localhost'
22-Jul-2022 14:16:14.235 INFO [http-nio-8080-exec-201] org.apache.catalina.core.ApplicationContext.log Manager: list: Listing contexts for virtual host 'localhost'
22-Jul-2022 14:16:14.242 INFO [http-nio-8080-exec-202] org.apache.catalina.core.ApplicationContext.log Manager: undeploy: Undeploying web application at '/java-web-app'
22-Jul-2022 14:16:15.308 INFO [http-nio-8080-exec-217] org.apache.catalina.core.ApplicationContext.log Manager: install: Installing context configuration at 'file:/C:/Users/RAISA/AppData/Local/Temp/context17692024105256500250.xml'
22-Jul-2022 14:16:15.595 INFO [http-nio-8080-exec-203] org.apache.catalina.core.ApplicationContext.log Manager: list: Listing contexts for virtual host 'localhost'
22-Jul-2022 14:16:15.603 INFO [http-nio-8080-exec-221] org.apache.catalina.core.ApplicationContext.log Manager: undeploy: Undeploying web application at '/java-web-app'
22-Jul-2022 14:16:32.216 INFO [http-nio-8080-exec-216] org.apache.catalina.core.ApplicationContext.log Manager: list: Listing contexts for virtual host 'localhost'
22-Jul-2022 14:16:32.221 INFO [http-nio-8080-exec-201] org.apache.catalina.core.ApplicationContext.log Manager: list: Listing contexts for virtual host 'localhost'
22-Jul-2022 14:16:32.238 INFO [http-nio-8080-exec-219] org.apache.catalina.core.ApplicationContext.log Manager: install: Installing context configuration at 'file:/C:/Users/RAISA/AppData/Local/Temp/context6521227220807173358.xml'
22-Jul-2022 14:16:32.557 INFO [http-nio-8080-exec-218] org.apache.catalina.core.ApplicationContext.log Manager: start: Starting web application '/java-web-app'
22-Jul-2022 14:21:37.551 INFO [http-nio-8080-exec-224] org.apache.catalina.core.ApplicationContext.log Manager: list: Listing contexts for virtual host 'localhost'
22-Jul-2022 14:21:37.563 INFO [http-nio-8080-exec-228] org.apache.catalina.core.ApplicationContext.log Manager: list: Listing contexts for virtual host 'localhost'
22-Jul-2022 14:21:37.571 INFO [http-nio-8080-exec-229] org.apache.catalina.core.ApplicationContext.log Manager: undeploy: Undeploying web application at '/java-web-app'
22-Jul-2022 14:21:38.122 INFO [http-nio-8080-exec-225] org.apache.catalina.core.ApplicationContext.log Manager: install: Installing context configuration at 'file:/C:/Users/RAISA/AppData/Local/Temp/context14943189044645637474.xml'
22-Jul-2022 14:21:38.489 INFO [http-nio-8080-exec-226] org.apache.catalina.core.ApplicationContext.log Manager: start: Starting web application '/java-web-app'
22-Jul-2022 14:22:15.053 INFO [http-nio-8080-exec-230] org.apache.catalina.core.ApplicationContext.log Manager: list: Listing contexts for virtual host 'localhost'
22-Jul-2022 14:22:15.056 INFO [http-nio-8080-exec-228] org.apache.catalina.core.ApplicationContext.log Manager: list: Listing contexts for virtual host 'localhost'
22-Jul-2022 14:22:15.065 INFO [http-nio-8080-exec-218] org.apache.catalina.core.ApplicationContext.log Manager: undeploy: Undeploying web application at '/java-web-app'
22-Jul-2022 14:22:15.622 INFO [http-nio-8080-exec-228] org.apache.catalina.core.ApplicationContext.log Manager: install: Installing context configuration at 'file:/C:/Users/RAISA/AppData/Local/Temp/context12883182010638884917.xml'
22-Jul-2022 14:22:15.936 INFO [http-nio-8080-exec-232] org.apache.catalina.core.ApplicationContext.log Manager: start: Starting web application '/java-web-app'
22-Jul-2022 14:23:14.041 INFO [http-nio-8080-exec-232] org.apache.catalina.core.ApplicationContext.log Manager: list: Listing contexts for virtual host 'localhost'
22-Jul-2022 14:23:14.046 INFO [http-nio-8080-exec-234] org.apache.catalina.core.ApplicationContext.log Manager: undeploy: Undeploying web application at '/java-web-app'
22-Jul-2022 14:23:26.001 INFO [http-nio-8080-exec-228] org.apache.catalina.core.ApplicationContext.log Manager: list: Listing contexts for virtual host 'localhost'
22-Jul-2022 14:23:26.004 INFO [http-nio-8080-exec-224] org.apache.catalina.core.ApplicationContext.log Manager: list: Listing contexts for virtual host 'localhost'
22-Jul-2022 14:23:26.016 INFO [http-nio-8080-exec-236] org.apache.catalina.core.ApplicationContext.log Manager: install: Installing context configuration at 'file:/C:/Users/RAISA/AppData/Local/Temp/context7713608518850400367.xml'
22-Jul-2022 14:23:26.239 INFO [http-nio-8080-exec-234] org.apache.catalina.core.ApplicationContext.log Manager: start: Starting web application '/java-web-app'
22-Jul-2022 14:24:15.548 INFO [http-nio-8080-exec-241] org.apache.catalina.core.ApplicationContext.log Manager: list: Listing contexts for virtual host 'localhost'
22-Jul-2022 14:24:15.556 INFO [http-nio-8080-exec-242] org.apache.catalina.core.ApplicationContext.log Manager: undeploy: Undeploying web application at '/java-web-app'
22-Jul-2022 14:24:33.368 INFO [http-nio-8080-exec-241] org.apache.catalina.core.ApplicationContext.log Manager: list: Listing contexts for virtual host 'localhost'
22-Jul-2022 14:24:33.372 INFO [http-nio-8080-exec-234] org.apache.catalina.core.ApplicationContext.log Manager: list: Listing contexts for virtual host 'localhost'
22-Jul-2022 14:24:33.389 INFO [http-nio-8080-exec-224] org.apache.catalina.core.ApplicationContext.log Manager: install: Installing context configuration at 'file:/C:/Users/RAISA/AppData/Local/Temp/context3406402397547043202.xml'
22-Jul-2022 14:24:33.635 INFO [http-nio-8080-exec-231] org.apache.catalina.core.ApplicationContext.log Manager: start: Starting web application '/java-web-app'
22-Jul-2022 14:26:07.565 INFO [http-nio-8080-exec-246] org.apache.catalina.core.ApplicationContext.log Manager: list: Listing contexts for virtual host 'localhost'
22-Jul-2022 14:26:07.902 INFO [http-nio-8080-exec-243] org.apache.catalina.core.ApplicationContext.log Manager: list: Listing contexts for virtual host 'localhost'
22-Jul-2022 14:26:31.899 INFO [http-nio-8080-exec-238] org.apache.catalina.core.ApplicationContext.log Manager: list: Listing contexts for virtual host 'localhost'
22-Jul-2022 14:26:32.232 INFO [http-nio-8080-exec-234] org.apache.catalina.core.ApplicationContext.log Manager: list: Listing contexts for virtual host 'localhost'
22-Jul-2022 14:27:32.647 INFO [http-nio-8080-exec-248] org.apache.catalina.core.ApplicationContext.log Manager: list: Listing contexts for virtual host 'localhost'
22-Jul-2022 14:27:32.820 INFO [http-nio-8080-exec-247] org.apache.catalina.core.ApplicationContext.log Manager: list: Listing contexts for virtual host 'localhost'
22-Jul-2022 14:28:01.568 INFO [http-nio-8080-exec-224] org.apache.catalina.core.ApplicationContext.log Manager: list: Listing contexts for virtual host 'localhost'
22-Jul-2022 14:28:13.302 INFO [http-nio-8080-exec-249] org.apache.catalina.core.ApplicationContext.log Manager: list: Listing contexts for virtual host 'localhost'
22-Jul-2022 14:28:13.309 INFO [http-nio-8080-exec-247] org.apache.catalina.core.ApplicationContext.log Manager: undeploy: Undeploying web application at '/java-web-app'
22-Jul-2022 14:28:28.345 INFO [http-nio-8080-exec-250] org.apache.catalina.core.ApplicationContext.log Manager: list: Listing contexts for virtual host 'localhost'
22-Jul-2022 14:28:34.303 INFO [http-nio-8080-exec-245] org.apache.catalina.core.ApplicationContext.log Manager: list: Listing contexts for virtual host 'localhost'
22-Jul-2022 14:28:34.313 INFO [http-nio-8080-exec-248] org.apache.catalina.core.ApplicationContext.log Manager: list: Listing contexts for virtual host 'localhost'
22-Jul-2022 14:28:34.335 INFO [http-nio-8080-exec-247] org.apache.catalina.core.ApplicationContext.log Manager: install: Installing context configuration at 'file:/C:/Users/RAISA/AppData/Local/Temp/context956872909280111884.xml'
22-Jul-2022 14:28:34.935 INFO [http-nio-8080-exec-249] org.apache.catalina.core.ApplicationContext.log Manager: start: Starting web application '/java-web-app'
22-Jul-2022 14:31:36.202 INFO [http-nio-8080-exec-249] org.apache.catalina.core.ApplicationContext.log Manager: list: Listing contexts for virtual host 'localhost'
22-Jul-2022 14:31:36.212 INFO [http-nio-8080-exec-247] org.apache.catalina.core.ApplicationContext.log Manager: undeploy: Undeploying web application at '/java-web-app'
22-Jul-2022 14:32:21.257 INFO [http-nio-8080-exec-253] org.apache.catalina.core.ApplicationContext.log Manager: list: Listing contexts for virtual host 'localhost'
22-Jul-2022 14:32:23.056 INFO [http-nio-8080-exec-260] org.apache.catalina.core.ApplicationContext.log Manager: list: Listing contexts for virtual host 'localhost'
22-Jul-2022 14:32:37.905 INFO [http-nio-8080-exec-259] org.apache.catalina.core.ApplicationContext.log Manager: list: Listing contexts for virtual host 'localhost'
22-Jul-2022 14:32:37.907 INFO [http-nio-8080-exec-255] org.apache.catalina.core.ApplicationContext.log Manager: list: Listing contexts for virtual host 'localhost'
22-Jul-2022 14:32:37.922 INFO [http-nio-8080-exec-263] org.apache.catalina.core.ApplicationContext.log Manager: install: Installing context configuration at 'file:/C:/Users/RAISA/AppData/Local/Temp/context4342034003976914563.xml'
22-Jul-2022 14:32:38.570 INFO [http-nio-8080-exec-260] org.apache.catalina.core.ApplicationContext.log Manager: start: Starting web application '/java-web-app'
22-Jul-2022 14:35:22.632 INFO [http-nio-8080-exec-264] org.apache.catalina.core.ApplicationContext.log Manager: list: Listing contexts for virtual host 'localhost'
22-Jul-2022 14:35:22.847 INFO [http-nio-8080-exec-261] org.apache.catalina.core.ApplicationContext.log Manager: restart: Reloading web application '/java-web-app'
22-Jul-2022 14:35:24.124 INFO [http-nio-8080-exec-259] org.apache.catalina.core.ApplicationContext.log Manager: list: Listing contexts for virtual host 'localhost'
22-Jul-2022 14:35:24.136 INFO [http-nio-8080-exec-267] org.apache.catalina.core.ApplicationContext.log Manager: undeploy: Undeploying web application at '/java-web-app'
22-Jul-2022 14:36:03.840 INFO [http-nio-8080-exec-261] org.apache.catalina.core.ApplicationContext.log Manager: list: Listing contexts for virtual host 'localhost'
22-Jul-2022 14:36:03.846 INFO [http-nio-8080-exec-268] org.apache.catalina.core.ApplicationContext.log Manager: list: Listing contexts for virtual host 'localhost'
22-Jul-2022 14:36:03.858 INFO [http-nio-8080-exec-270] org.apache.catalina.core.ApplicationContext.log Manager: install: Installing context configuration at 'file:/C:/Users/RAISA/AppData/Local/Temp/context6699539627325279686.xml'
22-Jul-2022 14:36:04.064 INFO [http-nio-8080-exec-267] org.apache.catalina.core.ApplicationContext.log Manager: start: Starting web application '/java-web-app'
22-Jul-2022 14:51:09.631 INFO [http-nio-8080-exec-277] org.apache.catalina.core.ApplicationContext.log Manager: list: Listing contexts for virtual host 'localhost'
22-Jul-2022 14:51:09.633 INFO [http-nio-8080-exec-278] org.apache.catalina.core.ApplicationContext.log Manager: list: Listing contexts for virtual host 'localhost'
22-Jul-2022 14:51:09.639 INFO [http-nio-8080-exec-279] org.apache.catalina.core.ApplicationContext.log Manager: undeploy: Undeploying web application at '/java-web-app'
22-Jul-2022 14:51:10.724 INFO [http-nio-8080-exec-278] org.apache.catalina.core.ApplicationContext.log Manager: install: Installing context configuration at 'file:/C:/Users/RAISA/AppData/Local/Temp/context1009606208583251105.xml'
22-Jul-2022 14:51:11.038 INFO [http-nio-8080-exec-271] org.apache.catalina.core.ApplicationContext.log Manager: start: Starting web application '/java-web-app'
22-Jul-2022 14:51:55.242 INFO [http-nio-8080-exec-281] org.apache.catalina.core.ApplicationContext.log Manager: list: Listing contexts for virtual host 'localhost'
22-Jul-2022 14:51:55.310 INFO [http-nio-8080-exec-275] org.apache.catalina.core.ApplicationContext.log Manager: restart: Reloading web application '/java-web-app'
22-Jul-2022 14:51:58.824 INFO [http-nio-8080-exec-282] org.apache.catalina.core.ApplicationContext.log Manager: list: Listing contexts for virtual host 'localhost'
22-Jul-2022 14:51:58.831 INFO [http-nio-8080-exec-276] org.apache.catalina.core.ApplicationContext.log Manager: undeploy: Undeploying web application at '/java-web-app'
22-Jul-2022 14:52:12.781 INFO [http-nio-8080-exec-273] org.apache.catalina.core.ApplicationContext.log Manager: list: Listing contexts for virtual host 'localhost'
22-Jul-2022 14:52:12.785 INFO [http-nio-8080-exec-281] org.apache.catalina.core.ApplicationContext.log Manager: list: Listing contexts for virtual host 'localhost'
22-Jul-2022 14:52:12.800 INFO [http-nio-8080-exec-275] org.apache.catalina.core.ApplicationContext.log Manager: install: Installing context configuration at 'file:/C:/Users/RAISA/AppData/Local/Temp/context8795645897007681824.xml'
22-Jul-2022 14:52:13.180 INFO [http-nio-8080-exec-276] org.apache.catalina.core.ApplicationContext.log Manager: start: Starting web application '/java-web-app'
22-Jul-2022 14:53:34.063 INFO [http-nio-8080-exec-290] org.apache.catalina.core.ApplicationContext.log Manager: list: Listing contexts for virtual host 'localhost'
22-Jul-2022 14:53:34.131 INFO [http-nio-8080-exec-289] org.apache.catalina.core.ApplicationContext.log Manager: restart: Reloading web application '/java-web-app'
22-Jul-2022 14:54:52.530 INFO [http-nio-8080-exec-293] org.apache.catalina.core.ApplicationContext.log Manager: list: Listing contexts for virtual host 'localhost'
22-Jul-2022 14:54:52.532 INFO [http-nio-8080-exec-288] org.apache.catalina.core.ApplicationContext.log Manager: list: Listing contexts for virtual host 'localhost'
22-Jul-2022 14:54:52.537 INFO [http-nio-8080-exec-289] org.apache.catalina.core.ApplicationContext.log Manager: undeploy: Undeploying web application at '/java-web-app'
22-Jul-2022 14:54:53.099 INFO [http-nio-8080-exec-287] org.apache.catalina.core.ApplicationContext.log Manager: install: Installing context configuration at 'file:/C:/Users/RAISA/AppData/Local/Temp/context17686419277925281252.xml'
22-Jul-2022 14:54:53.340 INFO [http-nio-8080-exec-276] org.apache.catalina.core.ApplicationContext.log Manager: start: Starting web application '/java-web-app'
22-Jul-2022 14:55:44.249 INFO [http-nio-8080-exec-289] org.apache.catalina.core.ApplicationContext.log Manager: list: Listing contexts for virtual host 'localhost'
22-Jul-2022 14:55:44.346 INFO [http-nio-8080-exec-276] org.apache.catalina.core.ApplicationContext.log Manager: list: Listing contexts for virtual host 'localhost'
22-Jul-2022 14:56:51.103 INFO [http-nio-8080-exec-298] org.apache.catalina.core.ApplicationContext.log Manager: list: Listing contexts for virtual host 'localhost'
22-Jul-2022 14:59:07.029 INFO [http-nio-8080-exec-296] org.apache.catalina.core.ApplicationContext.log Manager: list: Listing contexts for virtual host 'localhost'
22-Jul-2022 14:59:07.079 INFO [http-nio-8080-exec-302] org.apache.catalina.core.ApplicationContext.log Manager: restart: Reloading web application '/java-web-app'
22-Jul-2022 15:00:44.172 INFO [http-nio-8080-exec-303] org.apache.catalina.core.ApplicationContext.log Manager: list: Listing contexts for virtual host 'localhost'
22-Jul-2022 15:00:44.217 INFO [http-nio-8080-exec-295] org.apache.catalina.core.ApplicationContext.log Manager: restart: Reloading web application '/java-web-app'
22-Jul-2022 15:01:52.155 INFO [http-nio-8080-exec-295] org.apache.catalina.core.ApplicationContext.log Manager: list: Listing contexts for virtual host 'localhost'
22-Jul-2022 15:01:52.160 INFO [http-nio-8080-exec-298] org.apache.catalina.core.ApplicationContext.log Manager: undeploy: Undeploying web application at '/java-web-app'
22-Jul-2022 15:02:10.168 INFO [http-nio-8080-exec-308] org.apache.catalina.core.ApplicationContext.log Manager: list: Listing contexts for virtual host 'localhost'
22-Jul-2022 15:02:10.174 INFO [http-nio-8080-exec-307] org.apache.catalina.core.ApplicationContext.log Manager: list: Listing contexts for virtual host 'localhost'
22-Jul-2022 15:02:10.197 INFO [http-nio-8080-exec-303] org.apache.catalina.core.ApplicationContext.log Manager: install: Installing context configuration at 'file:/C:/Users/RAISA/AppData/Local/Temp/context14714626132190607969.xml'
22-Jul-2022 15:02:11.262 INFO [http-nio-8080-exec-295] org.apache.catalina.core.ApplicationContext.log Manager: start: Starting web application '/java-web-app'
